load data
create model
Namespace(batch_size=100, test_batch_size=100, epochs=2000, lr=0.0005, early_stopping_epochs=50, warmup=100, no_cuda=False, seed=14, z1_size=40, z2_size=40, input_size=[1, 28, 28], activation=None, number_components=500, pseudoinputs_mean=0.05, pseudoinputs_std=0.01, use_training_data_init=False, model_name='convhvae_2level', prior='standard', weighted=True, input_type='binary', flow_layers=8, flow_hidden_dim=128, S=5000, MB=100, dataset_name='static_mnist', dynamic_binarization=False, cuda=True, model_signature='2026-01-21 15:27:17')
perform experiment
beta: 0.01
/root/vae_vampprior/models/Model.py:41: UserWarning: The torch.cuda.*DtypeTensor constructors are no longer recommended. It's best to use methods such as torch.tensor(data, dtype=*, device='cuda') to create tensors. (Triggered internally at /pytorch/torch/csrc/tensor/python_tensor.cpp:78.)
  eps = torch.cuda.FloatTensor(std.size()).normal_()
/root/vae_vampprior/utils/optimizer.py:75: UserWarning: This overload of add_ is deprecated:
	add_(Number alpha, Tensor other)
Consider using one of the following signatures instead:
	add_(Tensor other, *, Number alpha = 1) (Triggered internally at /pytorch/torch/csrc/utils/python_arg_parser.cpp:1805.)
  exp_avg.mul_(beta1).add_(1 - beta1, grad)
Epoch: 1/2000, Time elapsed: 28.46s
* Train loss: 111.36   (RE: 108.99, KL: 237.20)
o Val.  loss: 292.26   (RE: 61.42, KL: 230.84)
--> Early stopping: 0/50 (BEST: 100000.00)

->model saved<-
beta: 0.02
Epoch: 2/2000, Time elapsed: 29.03s
* Train loss: 56.38   (RE: 52.52, KL: 193.35)
o Val.  loss: 234.75   (RE: 46.13, KL: 188.61)
--> Early stopping: 0/50 (BEST: 292.26)

->model saved<-
beta: 0.03
Epoch: 3/2000, Time elapsed: 28.84s
* Train loss: 47.74   (RE: 42.43, KL: 177.12)
o Val.  loss: 220.06   (RE: 38.90, KL: 181.15)
--> Early stopping: 0/50 (BEST: 234.75)

->model saved<-
beta: 0.04
Epoch: 4/2000, Time elapsed: 28.38s
* Train loss: 43.75   (RE: 36.82, KL: 173.26)
o Val.  loss: 208.93   (RE: 34.69, KL: 174.24)
--> Early stopping: 0/50 (BEST: 220.06)

->model saved<-
beta: 0.05
Epoch: 5/2000, Time elapsed: 28.05s
* Train loss: 41.38   (RE: 32.77, KL: 172.25)
o Val.  loss: 205.36   (RE: 30.95, KL: 174.41)
--> Early stopping: 0/50 (BEST: 208.93)

->model saved<-
beta: 0.06
Epoch: 6/2000, Time elapsed: 27.23s
* Train loss: 39.85   (RE: 29.61, KL: 170.66)
o Val.  loss: 200.18   (RE: 28.54, KL: 171.64)
--> Early stopping: 0/50 (BEST: 205.36)

->model saved<-
beta: 0.07
Epoch: 7/2000, Time elapsed: 27.54s
* Train loss: 39.27   (RE: 27.47, KL: 168.58)
o Val.  loss: 200.45   (RE: 26.81, KL: 173.64)
--> Early stopping: 0/50 (BEST: 200.18)

beta: 0.08
Epoch: 8/2000, Time elapsed: 28.42s
* Train loss: 38.99   (RE: 25.68, KL: 166.41)
o Val.  loss: 192.09   (RE: 25.42, KL: 166.68)
--> Early stopping: 0/50 (BEST: 200.18)

->model saved<-
beta: 0.09
Epoch: 9/2000, Time elapsed: 28.33s
* Train loss: 39.13   (RE: 24.32, KL: 164.57)
o Val.  loss: 188.31   (RE: 24.81, KL: 163.50)
--> Early stopping: 0/50 (BEST: 192.09)

->model saved<-
beta: 0.1
Epoch: 10/2000, Time elapsed: 28.69s
* Train loss: 39.34   (RE: 23.11, KL: 162.38)
o Val.  loss: 184.86   (RE: 23.07, KL: 161.79)
--> Early stopping: 0/50 (BEST: 188.31)

->model saved<-
beta: 0.11
Epoch: 11/2000, Time elapsed: 28.38s
* Train loss: 39.77   (RE: 22.19, KL: 159.82)
o Val.  loss: 180.90   (RE: 22.15, KL: 158.75)
--> Early stopping: 0/50 (BEST: 184.86)

->model saved<-
beta: 0.12
Epoch: 12/2000, Time elapsed: 26.47s
* Train loss: 40.27   (RE: 21.38, KL: 157.43)
o Val.  loss: 180.90   (RE: 22.28, KL: 158.62)
--> Early stopping: 0/50 (BEST: 180.90)

->model saved<-
beta: 0.13
Epoch: 13/2000, Time elapsed: 27.85s
* Train loss: 40.85   (RE: 20.78, KL: 154.45)
o Val.  loss: 177.24   (RE: 21.72, KL: 155.52)
--> Early stopping: 0/50 (BEST: 180.90)

->model saved<-
beta: 0.14
Epoch: 14/2000, Time elapsed: 28.72s
* Train loss: 41.56   (RE: 20.43, KL: 150.96)
o Val.  loss: 173.27   (RE: 21.40, KL: 151.87)
--> Early stopping: 0/50 (BEST: 177.24)

->model saved<-
beta: 0.15
Epoch: 15/2000, Time elapsed: 27.82s
* Train loss: 42.28   (RE: 20.23, KL: 147.04)
o Val.  loss: 166.56   (RE: 21.12, KL: 145.43)
--> Early stopping: 0/50 (BEST: 173.27)

->model saved<-
beta: 0.16
Epoch: 16/2000, Time elapsed: 27.94s
* Train loss: 42.94   (RE: 20.08, KL: 142.90)
o Val.  loss: 161.74   (RE: 21.47, KL: 140.28)
--> Early stopping: 0/50 (BEST: 166.56)

->model saved<-
beta: 0.17
Epoch: 17/2000, Time elapsed: 28.44s
* Train loss: 43.65   (RE: 19.97, KL: 139.29)
o Val.  loss: 158.83   (RE: 21.04, KL: 137.79)
--> Early stopping: 0/50 (BEST: 161.74)

->model saved<-
beta: 0.18
Epoch: 18/2000, Time elapsed: 28.83s
* Train loss: 44.41   (RE: 20.01, KL: 135.57)
o Val.  loss: 157.63   (RE: 21.01, KL: 136.63)
--> Early stopping: 0/50 (BEST: 158.83)

->model saved<-
beta: 0.19
Epoch: 19/2000, Time elapsed: 26.07s
* Train loss: 45.20   (RE: 19.98, KL: 132.73)
o Val.  loss: 153.30   (RE: 21.53, KL: 131.77)
--> Early stopping: 0/50 (BEST: 157.63)

->model saved<-
beta: 0.2
Epoch: 20/2000, Time elapsed: 25.79s
* Train loss: 46.04   (RE: 20.03, KL: 130.05)
o Val.  loss: 153.21   (RE: 20.71, KL: 132.51)
--> Early stopping: 0/50 (BEST: 153.30)

->model saved<-
beta: 0.21
Epoch: 21/2000, Time elapsed: 28.06s
* Train loss: 46.91   (RE: 20.10, KL: 127.64)
o Val.  loss: 150.49   (RE: 22.25, KL: 128.23)
--> Early stopping: 0/50 (BEST: 153.21)

->model saved<-
beta: 0.22
Epoch: 22/2000, Time elapsed: 29.05s
* Train loss: 47.84   (RE: 20.21, KL: 125.58)
o Val.  loss: 147.48   (RE: 21.85, KL: 125.63)
--> Early stopping: 0/50 (BEST: 150.49)

->model saved<-
beta: 0.23
Epoch: 23/2000, Time elapsed: 28.29s
* Train loss: 48.60   (RE: 20.28, KL: 123.14)
o Val.  loss: 146.02   (RE: 21.43, KL: 124.59)
--> Early stopping: 0/50 (BEST: 147.48)

->model saved<-
beta: 0.24
Epoch: 24/2000, Time elapsed: 28.93s
* Train loss: 49.54   (RE: 20.48, KL: 121.05)
o Val.  loss: 144.11   (RE: 21.58, KL: 122.54)
--> Early stopping: 0/50 (BEST: 146.02)

->model saved<-
beta: 0.25
Epoch: 25/2000, Time elapsed: 27.17s
* Train loss: 50.43   (RE: 20.68, KL: 119.03)
o Val.  loss: 141.46   (RE: 22.31, KL: 119.14)
--> Early stopping: 0/50 (BEST: 144.11)

->model saved<-
beta: 0.26
Epoch: 26/2000, Time elapsed: 28.10s
* Train loss: 51.23   (RE: 20.80, KL: 117.05)
o Val.  loss: 139.90   (RE: 22.37, KL: 117.53)
--> Early stopping: 0/50 (BEST: 141.46)

->model saved<-
beta: 0.27
Epoch: 27/2000, Time elapsed: 28.07s
* Train loss: 52.11   (RE: 21.07, KL: 114.97)
o Val.  loss: 137.26   (RE: 23.29, KL: 113.98)
--> Early stopping: 0/50 (BEST: 139.90)

->model saved<-
beta: 0.28
Epoch: 28/2000, Time elapsed: 23.02s
* Train loss: 52.98   (RE: 21.32, KL: 113.08)
o Val.  loss: 136.81   (RE: 22.76, KL: 114.04)
--> Early stopping: 0/50 (BEST: 137.26)

->model saved<-
beta: 0.29
Epoch: 29/2000, Time elapsed: 27.74s
* Train loss: 53.81   (RE: 21.56, KL: 111.22)
o Val.  loss: 134.85   (RE: 23.37, KL: 111.48)
--> Early stopping: 0/50 (BEST: 136.81)

->model saved<-
beta: 0.3
Epoch: 30/2000, Time elapsed: 26.94s
* Train loss: 54.66   (RE: 21.82, KL: 109.46)
o Val.  loss: 134.85   (RE: 23.17, KL: 111.68)
--> Early stopping: 0/50 (BEST: 134.85)

->model saved<-
beta: 0.31
Epoch: 31/2000, Time elapsed: 26.35s
* Train loss: 55.49   (RE: 22.11, KL: 107.67)
o Val.  loss: 131.85   (RE: 23.90, KL: 107.95)
--> Early stopping: 0/50 (BEST: 134.85)

->model saved<-
beta: 0.32
Epoch: 32/2000, Time elapsed: 27.97s
* Train loss: 56.28   (RE: 22.39, KL: 105.92)
o Val.  loss: 131.14   (RE: 23.74, KL: 107.41)
--> Early stopping: 0/50 (BEST: 131.85)

->model saved<-
beta: 0.33
Epoch: 33/2000, Time elapsed: 28.84s
* Train loss: 57.11   (RE: 22.76, KL: 104.11)
o Val.  loss: 130.08   (RE: 24.60, KL: 105.47)
--> Early stopping: 0/50 (BEST: 131.14)

->model saved<-
beta: 0.34
Epoch: 34/2000, Time elapsed: 28.47s
* Train loss: 57.94   (RE: 23.08, KL: 102.53)
o Val.  loss: 127.32   (RE: 24.95, KL: 102.36)
--> Early stopping: 0/50 (BEST: 130.08)

->model saved<-
beta: 0.35
Epoch: 35/2000, Time elapsed: 28.28s
* Train loss: 58.68   (RE: 23.40, KL: 100.82)
o Val.  loss: 126.48   (RE: 25.61, KL: 100.87)
--> Early stopping: 0/50 (BEST: 127.32)

->model saved<-
beta: 0.36
Epoch: 36/2000, Time elapsed: 28.35s
* Train loss: 59.47   (RE: 23.71, KL: 99.32)
o Val.  loss: 127.08   (RE: 25.41, KL: 101.68)
--> Early stopping: 0/50 (BEST: 126.48)

beta: 0.37
Epoch: 37/2000, Time elapsed: 28.52s
* Train loss: 60.23   (RE: 24.05, KL: 97.79)
o Val.  loss: 124.54   (RE: 25.89, KL: 98.64)
--> Early stopping: 0/50 (BEST: 126.48)

->model saved<-
beta: 0.38
Epoch: 38/2000, Time elapsed: 28.85s
* Train loss: 60.97   (RE: 24.44, KL: 96.15)
o Val.  loss: 122.72   (RE: 26.52, KL: 96.20)
--> Early stopping: 0/50 (BEST: 124.54)

->model saved<-
beta: 0.39
Epoch: 39/2000, Time elapsed: 28.90s
* Train loss: 61.75   (RE: 24.86, KL: 94.59)
o Val.  loss: 123.10   (RE: 26.32, KL: 96.77)
--> Early stopping: 0/50 (BEST: 122.72)

beta: 0.4
Epoch: 40/2000, Time elapsed: 28.73s
* Train loss: 62.50   (RE: 25.27, KL: 93.08)
o Val.  loss: 121.54   (RE: 26.87, KL: 94.67)
--> Early stopping: 0/50 (BEST: 122.72)

->model saved<-
beta: 0.41
Epoch: 41/2000, Time elapsed: 28.36s
* Train loss: 63.20   (RE: 25.59, KL: 91.72)
o Val.  loss: 119.75   (RE: 27.54, KL: 92.21)
--> Early stopping: 0/50 (BEST: 121.54)

->model saved<-
beta: 0.42
Epoch: 42/2000, Time elapsed: 28.62s
* Train loss: 63.98   (RE: 26.15, KL: 90.08)
o Val.  loss: 119.39   (RE: 27.62, KL: 91.77)
--> Early stopping: 0/50 (BEST: 119.75)

->model saved<-
beta: 0.43
Epoch: 43/2000, Time elapsed: 29.22s
* Train loss: 64.68   (RE: 26.56, KL: 88.66)
o Val.  loss: 118.04   (RE: 28.69, KL: 89.35)
--> Early stopping: 0/50 (BEST: 119.39)

->model saved<-
beta: 0.44
Epoch: 44/2000, Time elapsed: 28.23s
* Train loss: 65.38   (RE: 26.97, KL: 87.28)
o Val.  loss: 117.00   (RE: 28.87, KL: 88.13)
--> Early stopping: 0/50 (BEST: 118.04)

->model saved<-
beta: 0.45
Epoch: 45/2000, Time elapsed: 28.42s
* Train loss: 66.08   (RE: 27.44, KL: 85.88)
o Val.  loss: 116.82   (RE: 28.86, KL: 87.96)
--> Early stopping: 0/50 (BEST: 117.00)

->model saved<-
beta: 0.46
Epoch: 46/2000, Time elapsed: 28.44s
* Train loss: 66.76   (RE: 27.92, KL: 84.44)
o Val.  loss: 115.17   (RE: 29.96, KL: 85.21)
--> Early stopping: 0/50 (BEST: 116.82)

->model saved<-
beta: 0.47
Epoch: 47/2000, Time elapsed: 24.44s
* Train loss: 67.42   (RE: 28.38, KL: 83.07)
o Val.  loss: 114.34   (RE: 30.54, KL: 83.80)
--> Early stopping: 0/50 (BEST: 115.17)

->model saved<-
beta: 0.48
Epoch: 48/2000, Time elapsed: 26.74s
* Train loss: 68.06   (RE: 28.80, KL: 81.79)
o Val.  loss: 113.80   (RE: 30.52, KL: 83.28)
--> Early stopping: 0/50 (BEST: 114.34)

->model saved<-
beta: 0.49
Epoch: 49/2000, Time elapsed: 23.38s
* Train loss: 68.72   (RE: 29.29, KL: 80.45)
o Val.  loss: 111.88   (RE: 31.65, KL: 80.23)
--> Early stopping: 0/50 (BEST: 113.80)

->model saved<-
beta: 0.5
Epoch: 50/2000, Time elapsed: 28.09s
* Train loss: 69.35   (RE: 29.79, KL: 79.13)
o Val.  loss: 111.19   (RE: 32.06, KL: 79.13)
--> Early stopping: 0/50 (BEST: 111.88)

->model saved<-
beta: 0.51
Epoch: 51/2000, Time elapsed: 28.51s
* Train loss: 70.02   (RE: 30.34, KL: 77.80)
o Val.  loss: 110.92   (RE: 32.15, KL: 78.77)
--> Early stopping: 0/50 (BEST: 111.19)

->model saved<-
beta: 0.52
Epoch: 52/2000, Time elapsed: 29.01s
* Train loss: 70.66   (RE: 30.81, KL: 76.62)
o Val.  loss: 109.48   (RE: 33.31, KL: 76.17)
--> Early stopping: 0/50 (BEST: 110.92)

->model saved<-
beta: 0.53
Epoch: 53/2000, Time elapsed: 28.67s
* Train loss: 71.28   (RE: 31.39, KL: 75.26)
o Val.  loss: 109.53   (RE: 33.10, KL: 76.43)
--> Early stopping: 0/50 (BEST: 109.48)

beta: 0.54
Epoch: 54/2000, Time elapsed: 28.79s
* Train loss: 71.85   (RE: 31.89, KL: 73.99)
o Val.  loss: 108.77   (RE: 33.61, KL: 75.16)
--> Early stopping: 0/50 (BEST: 109.48)

->model saved<-
beta: 0.55
Epoch: 55/2000, Time elapsed: 28.83s
* Train loss: 72.46   (RE: 32.37, KL: 72.88)
o Val.  loss: 108.33   (RE: 34.65, KL: 73.67)
--> Early stopping: 0/50 (BEST: 108.77)

->model saved<-
beta: 0.56
Epoch: 56/2000, Time elapsed: 28.74s
* Train loss: 73.12   (RE: 33.04, KL: 71.56)
o Val.  loss: 107.25   (RE: 34.82, KL: 72.43)
--> Early stopping: 0/50 (BEST: 108.33)

->model saved<-
beta: 0.57
Epoch: 57/2000, Time elapsed: 28.53s
* Train loss: 73.67   (RE: 33.58, KL: 70.33)
o Val.  loss: 105.92   (RE: 35.73, KL: 70.19)
--> Early stopping: 0/50 (BEST: 107.25)

->model saved<-
beta: 0.58
Epoch: 58/2000, Time elapsed: 28.96s
* Train loss: 74.25   (RE: 34.21, KL: 69.03)
o Val.  loss: 105.90   (RE: 35.88, KL: 70.03)
--> Early stopping: 0/50 (BEST: 105.92)

->model saved<-
beta: 0.59
Epoch: 59/2000, Time elapsed: 28.29s
* Train loss: 74.80   (RE: 34.74, KL: 67.90)
o Val.  loss: 104.98   (RE: 36.70, KL: 68.28)
--> Early stopping: 0/50 (BEST: 105.90)

->model saved<-
beta: 0.6
Epoch: 60/2000, Time elapsed: 28.55s
* Train loss: 75.37   (RE: 35.42, KL: 66.58)
o Val.  loss: 104.83   (RE: 36.64, KL: 68.19)
--> Early stopping: 0/50 (BEST: 104.98)

->model saved<-
beta: 0.61
Epoch: 61/2000, Time elapsed: 28.16s
* Train loss: 75.92   (RE: 35.97, KL: 65.48)
o Val.  loss: 105.15   (RE: 36.63, KL: 68.52)
--> Early stopping: 0/50 (BEST: 104.83)

beta: 0.62
Epoch: 62/2000, Time elapsed: 28.40s
* Train loss: 76.47   (RE: 36.64, KL: 64.23)
o Val.  loss: 103.20   (RE: 38.82, KL: 64.38)
--> Early stopping: 0/50 (BEST: 104.83)

->model saved<-
beta: 0.63
Epoch: 63/2000, Time elapsed: 27.83s
* Train loss: 76.97   (RE: 37.25, KL: 63.06)
o Val.  loss: 103.09   (RE: 38.79, KL: 64.30)
--> Early stopping: 0/50 (BEST: 103.20)

->model saved<-
beta: 0.64
Epoch: 64/2000, Time elapsed: 28.23s
* Train loss: 77.51   (RE: 37.88, KL: 61.93)
o Val.  loss: 101.86   (RE: 39.58, KL: 62.28)
--> Early stopping: 0/50 (BEST: 103.09)

->model saved<-
beta: 0.65
Epoch: 65/2000, Time elapsed: 28.50s
* Train loss: 77.98   (RE: 38.50, KL: 60.75)
o Val.  loss: 101.22   (RE: 40.76, KL: 60.46)
--> Early stopping: 0/50 (BEST: 101.86)

->model saved<-
beta: 0.66
Epoch: 66/2000, Time elapsed: 28.29s
* Train loss: 78.45   (RE: 39.04, KL: 59.70)
o Val.  loss: 101.39   (RE: 41.10, KL: 60.29)
--> Early stopping: 0/50 (BEST: 101.22)

beta: 0.67
Epoch: 67/2000, Time elapsed: 29.49s
* Train loss: 79.00   (RE: 39.80, KL: 58.50)
o Val.  loss: 100.56   (RE: 40.85, KL: 59.71)
--> Early stopping: 0/50 (BEST: 101.22)

->model saved<-
beta: 0.68
Epoch: 68/2000, Time elapsed: 29.06s
* Train loss: 79.45   (RE: 40.42, KL: 57.40)
o Val.  loss: 100.12   (RE: 42.05, KL: 58.07)
--> Early stopping: 0/50 (BEST: 100.56)

->model saved<-
beta: 0.69
Epoch: 69/2000, Time elapsed: 29.06s
* Train loss: 79.93   (RE: 41.07, KL: 56.31)
o Val.  loss: 99.59   (RE: 43.80, KL: 55.79)
--> Early stopping: 0/50 (BEST: 100.12)

->model saved<-
beta: 0.7
Epoch: 70/2000, Time elapsed: 28.59s
* Train loss: 80.38   (RE: 41.83, KL: 55.07)
o Val.  loss: 98.67   (RE: 43.99, KL: 54.68)
--> Early stopping: 0/50 (BEST: 99.59)

->model saved<-
beta: 0.71
Epoch: 71/2000, Time elapsed: 29.09s
* Train loss: 80.81   (RE: 42.40, KL: 54.10)
o Val.  loss: 98.53   (RE: 44.22, KL: 54.32)
--> Early stopping: 0/50 (BEST: 98.67)

->model saved<-
beta: 0.72
Epoch: 72/2000, Time elapsed: 28.60s
* Train loss: 81.24   (RE: 43.09, KL: 52.98)
o Val.  loss: 98.29   (RE: 44.47, KL: 53.82)
--> Early stopping: 0/50 (BEST: 98.53)

->model saved<-
beta: 0.73
Epoch: 73/2000, Time elapsed: 28.62s
* Train loss: 81.71   (RE: 43.78, KL: 51.95)
o Val.  loss: 97.71   (RE: 45.67, KL: 52.04)
--> Early stopping: 0/50 (BEST: 98.29)

->model saved<-
beta: 0.74
Epoch: 74/2000, Time elapsed: 29.03s
* Train loss: 82.11   (RE: 44.41, KL: 50.94)
o Val.  loss: 96.79   (RE: 46.80, KL: 49.99)
--> Early stopping: 0/50 (BEST: 97.71)

->model saved<-
beta: 0.75
Epoch: 75/2000, Time elapsed: 29.26s
* Train loss: 82.51   (RE: 45.12, KL: 49.85)
o Val.  loss: 97.09   (RE: 46.30, KL: 50.79)
--> Early stopping: 0/50 (BEST: 96.79)

beta: 0.76
Epoch: 76/2000, Time elapsed: 29.07s
* Train loss: 82.92   (RE: 45.72, KL: 48.95)
o Val.  loss: 96.35   (RE: 47.78, KL: 48.57)
--> Early stopping: 0/50 (BEST: 96.79)

->model saved<-
beta: 0.77
Epoch: 77/2000, Time elapsed: 28.63s
* Train loss: 83.30   (RE: 46.38, KL: 47.95)
o Val.  loss: 96.08   (RE: 48.12, KL: 47.96)
--> Early stopping: 0/50 (BEST: 96.35)

->model saved<-
beta: 0.78
Epoch: 78/2000, Time elapsed: 28.22s
* Train loss: 83.67   (RE: 46.99, KL: 47.02)
o Val.  loss: 95.68   (RE: 48.48, KL: 47.20)
--> Early stopping: 0/50 (BEST: 96.08)

->model saved<-
beta: 0.79
Epoch: 79/2000, Time elapsed: 26.31s
* Train loss: 84.04   (RE: 47.64, KL: 46.08)
o Val.  loss: 95.40   (RE: 48.99, KL: 46.41)
--> Early stopping: 0/50 (BEST: 95.68)

->model saved<-
beta: 0.8
Epoch: 80/2000, Time elapsed: 27.75s
* Train loss: 84.39   (RE: 48.20, KL: 45.24)
o Val.  loss: 95.07   (RE: 49.71, KL: 45.36)
--> Early stopping: 0/50 (BEST: 95.40)

->model saved<-
beta: 0.81
Epoch: 81/2000, Time elapsed: 28.05s
* Train loss: 84.74   (RE: 48.81, KL: 44.36)
o Val.  loss: 94.96   (RE: 50.01, KL: 44.95)
--> Early stopping: 0/50 (BEST: 95.07)

->model saved<-
beta: 0.82
Epoch: 82/2000, Time elapsed: 29.16s
* Train loss: 85.09   (RE: 49.39, KL: 43.54)
o Val.  loss: 94.32   (RE: 50.95, KL: 43.37)
--> Early stopping: 0/50 (BEST: 94.96)

->model saved<-
beta: 0.83
Epoch: 83/2000, Time elapsed: 28.59s
* Train loss: 85.40   (RE: 49.93, KL: 42.74)
o Val.  loss: 94.18   (RE: 52.41, KL: 41.77)
--> Early stopping: 0/50 (BEST: 94.32)

->model saved<-
beta: 0.84
Epoch: 84/2000, Time elapsed: 28.75s
* Train loss: 85.69   (RE: 50.50, KL: 41.90)
o Val.  loss: 94.04   (RE: 51.70, KL: 42.34)
--> Early stopping: 0/50 (BEST: 94.18)

->model saved<-
beta: 0.85
Epoch: 85/2000, Time elapsed: 29.05s
* Train loss: 86.05   (RE: 51.07, KL: 41.15)
o Val.  loss: 93.92   (RE: 53.04, KL: 40.88)
--> Early stopping: 0/50 (BEST: 94.04)

->model saved<-
beta: 0.86
Epoch: 86/2000, Time elapsed: 28.93s
* Train loss: 86.32   (RE: 51.57, KL: 40.40)
o Val.  loss: 93.67   (RE: 53.65, KL: 40.02)
--> Early stopping: 0/50 (BEST: 93.92)

->model saved<-
beta: 0.87
Epoch: 87/2000, Time elapsed: 29.08s
* Train loss: 86.62   (RE: 52.03, KL: 39.75)
o Val.  loss: 93.52   (RE: 53.47, KL: 40.05)
--> Early stopping: 0/50 (BEST: 93.67)

->model saved<-
beta: 0.88
Epoch: 88/2000, Time elapsed: 28.01s
* Train loss: 86.93   (RE: 52.50, KL: 39.12)
o Val.  loss: 93.04   (RE: 54.04, KL: 39.00)
--> Early stopping: 0/50 (BEST: 93.52)

->model saved<-
beta: 0.89
Epoch: 89/2000, Time elapsed: 27.69s
* Train loss: 87.18   (RE: 52.98, KL: 38.42)
o Val.  loss: 92.90   (RE: 54.26, KL: 38.65)
--> Early stopping: 0/50 (BEST: 93.04)

->model saved<-
beta: 0.9
Epoch: 90/2000, Time elapsed: 26.77s
* Train loss: 87.46   (RE: 53.40, KL: 37.85)
o Val.  loss: 92.75   (RE: 54.59, KL: 38.16)
--> Early stopping: 0/50 (BEST: 92.90)

->model saved<-
beta: 0.91
Epoch: 91/2000, Time elapsed: 29.47s
* Train loss: 87.76   (RE: 53.86, KL: 37.25)
o Val.  loss: 92.60   (RE: 55.42, KL: 37.18)
--> Early stopping: 0/50 (BEST: 92.75)

->model saved<-
beta: 0.92
Epoch: 92/2000, Time elapsed: 28.14s
* Train loss: 87.99   (RE: 54.22, KL: 36.71)
o Val.  loss: 92.47   (RE: 55.32, KL: 37.15)
--> Early stopping: 0/50 (BEST: 92.60)

->model saved<-
beta: 0.93
Epoch: 93/2000, Time elapsed: 28.90s
* Train loss: 88.26   (RE: 54.61, KL: 36.19)
o Val.  loss: 92.43   (RE: 56.16, KL: 36.27)
--> Early stopping: 0/50 (BEST: 92.47)

->model saved<-
beta: 0.94
Epoch: 94/2000, Time elapsed: 28.74s
* Train loss: 88.50   (RE: 54.98, KL: 35.66)
o Val.  loss: 92.19   (RE: 57.03, KL: 35.16)
--> Early stopping: 0/50 (BEST: 92.43)

->model saved<-
beta: 0.95
Epoch: 95/2000, Time elapsed: 28.99s
* Train loss: 88.74   (RE: 55.38, KL: 35.12)
o Val.  loss: 92.00   (RE: 56.51, KL: 35.50)
--> Early stopping: 0/50 (BEST: 92.19)

->model saved<-
beta: 0.96
Epoch: 96/2000, Time elapsed: 29.10s
* Train loss: 89.00   (RE: 55.73, KL: 34.66)
o Val.  loss: 91.83   (RE: 57.83, KL: 34.00)
--> Early stopping: 0/50 (BEST: 92.00)

->model saved<-
beta: 0.97
Epoch: 97/2000, Time elapsed: 28.58s
* Train loss: 89.29   (RE: 56.06, KL: 34.25)
o Val.  loss: 91.75   (RE: 57.50, KL: 34.25)
--> Early stopping: 0/50 (BEST: 91.83)

->model saved<-
beta: 0.98
Epoch: 98/2000, Time elapsed: 28.13s
* Train loss: 89.47   (RE: 56.42, KL: 33.73)
o Val.  loss: 91.72   (RE: 57.64, KL: 34.08)
--> Early stopping: 0/50 (BEST: 91.75)

->model saved<-
beta: 0.99
Epoch: 99/2000, Time elapsed: 25.43s
* Train loss: 89.74   (RE: 56.71, KL: 33.36)
o Val.  loss: 91.43   (RE: 57.86, KL: 33.57)
--> Early stopping: 0/50 (BEST: 91.72)

->model saved<-
beta: 1.0
Epoch: 100/2000, Time elapsed: 27.90s
* Train loss: 89.95   (RE: 56.99, KL: 32.96)
o Val.  loss: 91.46   (RE: 58.70, KL: 32.76)
--> Early stopping: 0/50 (BEST: 91.43)

beta: 1.0
Epoch: 101/2000, Time elapsed: 29.30s
* Train loss: 89.80   (RE: 57.08, KL: 32.72)
o Val.  loss: 91.33   (RE: 58.64, KL: 32.69)
--> Early stopping: 1/50 (BEST: 91.43)

->model saved<-
beta: 1.0
Epoch: 102/2000, Time elapsed: 28.86s
* Train loss: 89.71   (RE: 57.12, KL: 32.59)
o Val.  loss: 91.37   (RE: 58.91, KL: 32.46)
--> Early stopping: 0/50 (BEST: 91.33)

beta: 1.0
Epoch: 103/2000, Time elapsed: 26.41s
* Train loss: 89.61   (RE: 57.18, KL: 32.43)
o Val.  loss: 91.15   (RE: 58.68, KL: 32.48)
--> Early stopping: 1/50 (BEST: 91.33)

->model saved<-
beta: 1.0
Epoch: 104/2000, Time elapsed: 29.02s
* Train loss: 89.52   (RE: 57.24, KL: 32.28)
o Val.  loss: 91.00   (RE: 57.97, KL: 33.03)
--> Early stopping: 0/50 (BEST: 91.15)

->model saved<-
beta: 1.0
Epoch: 105/2000, Time elapsed: 28.75s
* Train loss: 89.37   (RE: 57.22, KL: 32.15)
o Val.  loss: 90.89   (RE: 57.88, KL: 33.02)
--> Early stopping: 0/50 (BEST: 91.00)

->model saved<-
beta: 1.0
Epoch: 106/2000, Time elapsed: 28.42s
* Train loss: 89.28   (RE: 57.21, KL: 32.07)
o Val.  loss: 90.77   (RE: 58.61, KL: 32.15)
--> Early stopping: 0/50 (BEST: 90.89)

->model saved<-
beta: 1.0
Epoch: 107/2000, Time elapsed: 28.55s
* Train loss: 89.19   (RE: 57.25, KL: 31.95)
o Val.  loss: 90.76   (RE: 58.78, KL: 31.98)
--> Early stopping: 0/50 (BEST: 90.77)

->model saved<-
beta: 1.0
Epoch: 108/2000, Time elapsed: 27.59s
* Train loss: 89.11   (RE: 57.28, KL: 31.83)
o Val.  loss: 90.87   (RE: 59.04, KL: 31.83)
--> Early stopping: 0/50 (BEST: 90.76)

beta: 1.0
Epoch: 109/2000, Time elapsed: 26.34s
* Train loss: 89.00   (RE: 57.24, KL: 31.76)
o Val.  loss: 90.66   (RE: 58.39, KL: 32.27)
--> Early stopping: 1/50 (BEST: 90.76)

->model saved<-
beta: 1.0
Epoch: 110/2000, Time elapsed: 28.56s
* Train loss: 88.93   (RE: 57.26, KL: 31.67)
o Val.  loss: 90.67   (RE: 59.06, KL: 31.60)
--> Early stopping: 0/50 (BEST: 90.66)

beta: 1.0
Epoch: 111/2000, Time elapsed: 28.38s
* Train loss: 88.82   (RE: 57.26, KL: 31.57)
o Val.  loss: 90.63   (RE: 58.92, KL: 31.71)
--> Early stopping: 1/50 (BEST: 90.66)

->model saved<-
beta: 1.0
Epoch: 112/2000, Time elapsed: 28.85s
* Train loss: 88.74   (RE: 57.24, KL: 31.50)
o Val.  loss: 90.67   (RE: 58.55, KL: 32.11)
--> Early stopping: 0/50 (BEST: 90.63)

beta: 1.0
Epoch: 113/2000, Time elapsed: 29.02s
* Train loss: 88.69   (RE: 57.26, KL: 31.42)
o Val.  loss: 90.47   (RE: 59.04, KL: 31.43)
--> Early stopping: 1/50 (BEST: 90.63)

->model saved<-
beta: 1.0
Epoch: 114/2000, Time elapsed: 29.00s
* Train loss: 88.58   (RE: 57.24, KL: 31.34)
o Val.  loss: 90.43   (RE: 58.91, KL: 31.52)
--> Early stopping: 0/50 (BEST: 90.47)

->model saved<-
beta: 1.0
Epoch: 115/2000, Time elapsed: 28.89s
* Train loss: 88.48   (RE: 57.19, KL: 31.28)
o Val.  loss: 90.51   (RE: 58.63, KL: 31.88)
--> Early stopping: 0/50 (BEST: 90.43)

beta: 1.0
Epoch: 116/2000, Time elapsed: 28.64s
* Train loss: 88.40   (RE: 57.22, KL: 31.18)
o Val.  loss: 90.13   (RE: 58.85, KL: 31.29)
--> Early stopping: 1/50 (BEST: 90.43)

->model saved<-
beta: 1.0
Epoch: 117/2000, Time elapsed: 29.11s
* Train loss: 88.30   (RE: 57.17, KL: 31.13)
o Val.  loss: 90.16   (RE: 58.97, KL: 31.19)
--> Early stopping: 0/50 (BEST: 90.13)

beta: 1.0
Epoch: 118/2000, Time elapsed: 28.99s
* Train loss: 88.25   (RE: 57.18, KL: 31.07)
o Val.  loss: 90.07   (RE: 58.80, KL: 31.28)
--> Early stopping: 1/50 (BEST: 90.13)

->model saved<-
beta: 1.0
Epoch: 119/2000, Time elapsed: 28.04s
* Train loss: 88.15   (RE: 57.13, KL: 31.02)
o Val.  loss: 90.03   (RE: 59.10, KL: 30.93)
--> Early stopping: 0/50 (BEST: 90.07)

->model saved<-
beta: 1.0
Epoch: 120/2000, Time elapsed: 28.22s
* Train loss: 88.09   (RE: 57.12, KL: 30.96)
o Val.  loss: 89.95   (RE: 58.94, KL: 31.01)
--> Early stopping: 0/50 (BEST: 90.03)

->model saved<-
beta: 1.0
Epoch: 121/2000, Time elapsed: 28.48s
* Train loss: 88.03   (RE: 57.13, KL: 30.90)
o Val.  loss: 90.13   (RE: 58.55, KL: 31.58)
--> Early stopping: 0/50 (BEST: 89.95)

beta: 1.0
Epoch: 122/2000, Time elapsed: 28.48s
* Train loss: 87.95   (RE: 57.09, KL: 30.86)
o Val.  loss: 89.94   (RE: 59.18, KL: 30.76)
--> Early stopping: 1/50 (BEST: 89.95)

->model saved<-
beta: 1.0
Epoch: 123/2000, Time elapsed: 28.60s
* Train loss: 87.88   (RE: 57.05, KL: 30.83)
o Val.  loss: 89.74   (RE: 58.76, KL: 30.98)
--> Early stopping: 0/50 (BEST: 89.94)

->model saved<-
beta: 1.0
Epoch: 124/2000, Time elapsed: 28.02s
* Train loss: 87.79   (RE: 57.02, KL: 30.77)
o Val.  loss: 89.83   (RE: 58.43, KL: 31.40)
--> Early stopping: 0/50 (BEST: 89.74)

beta: 1.0
Epoch: 125/2000, Time elapsed: 26.78s
* Train loss: 87.71   (RE: 57.00, KL: 30.71)
o Val.  loss: 89.81   (RE: 59.30, KL: 30.51)
--> Early stopping: 1/50 (BEST: 89.74)

beta: 1.0
Epoch: 126/2000, Time elapsed: 27.98s
* Train loss: 87.63   (RE: 56.96, KL: 30.67)
o Val.  loss: 89.77   (RE: 58.78, KL: 30.99)
--> Early stopping: 2/50 (BEST: 89.74)

beta: 1.0
Epoch: 127/2000, Time elapsed: 27.65s
* Train loss: 87.63   (RE: 57.00, KL: 30.63)
o Val.  loss: 89.70   (RE: 58.80, KL: 30.91)
--> Early stopping: 3/50 (BEST: 89.74)

->model saved<-
beta: 1.0
Epoch: 128/2000, Time elapsed: 25.71s
* Train loss: 87.54   (RE: 56.93, KL: 30.61)
o Val.  loss: 89.64   (RE: 58.98, KL: 30.66)
--> Early stopping: 0/50 (BEST: 89.70)

->model saved<-
beta: 1.0
Epoch: 129/2000, Time elapsed: 24.13s
* Train loss: 87.49   (RE: 56.91, KL: 30.58)
o Val.  loss: 89.63   (RE: 59.01, KL: 30.61)
--> Early stopping: 0/50 (BEST: 89.64)

->model saved<-
beta: 1.0
Epoch: 130/2000, Time elapsed: 26.19s
* Train loss: 87.41   (RE: 56.87, KL: 30.54)
o Val.  loss: 89.72   (RE: 58.93, KL: 30.79)
--> Early stopping: 0/50 (BEST: 89.63)

beta: 1.0
Epoch: 131/2000, Time elapsed: 27.88s
* Train loss: 87.33   (RE: 56.82, KL: 30.51)
o Val.  loss: 89.67   (RE: 59.05, KL: 30.62)
--> Early stopping: 1/50 (BEST: 89.63)

beta: 1.0
Epoch: 132/2000, Time elapsed: 28.19s
* Train loss: 87.30   (RE: 56.85, KL: 30.45)
o Val.  loss: 89.84   (RE: 59.01, KL: 30.83)
--> Early stopping: 2/50 (BEST: 89.63)

beta: 1.0
Epoch: 133/2000, Time elapsed: 28.74s
* Train loss: 87.20   (RE: 56.77, KL: 30.43)
o Val.  loss: 89.50   (RE: 59.27, KL: 30.23)
--> Early stopping: 3/50 (BEST: 89.63)

->model saved<-
beta: 1.0
Epoch: 134/2000, Time elapsed: 26.71s
* Train loss: 87.17   (RE: 56.79, KL: 30.38)
o Val.  loss: 89.49   (RE: 58.82, KL: 30.67)
--> Early stopping: 0/50 (BEST: 89.50)

->model saved<-
beta: 1.0
Epoch: 135/2000, Time elapsed: 27.55s
* Train loss: 87.09   (RE: 56.72, KL: 30.37)
o Val.  loss: 89.53   (RE: 59.35, KL: 30.19)
--> Early stopping: 0/50 (BEST: 89.49)

beta: 1.0
Epoch: 136/2000, Time elapsed: 28.62s
* Train loss: 87.06   (RE: 56.75, KL: 30.31)
o Val.  loss: 89.39   (RE: 58.98, KL: 30.42)
--> Early stopping: 1/50 (BEST: 89.49)

->model saved<-
beta: 1.0
Epoch: 137/2000, Time elapsed: 29.00s
* Train loss: 86.96   (RE: 56.69, KL: 30.28)
o Val.  loss: 89.57   (RE: 58.85, KL: 30.71)
--> Early stopping: 0/50 (BEST: 89.39)

beta: 1.0
Epoch: 138/2000, Time elapsed: 29.08s
* Train loss: 86.94   (RE: 56.66, KL: 30.28)
o Val.  loss: 89.56   (RE: 58.86, KL: 30.69)
--> Early stopping: 1/50 (BEST: 89.39)

beta: 1.0
Epoch: 139/2000, Time elapsed: 29.25s
* Train loss: 86.85   (RE: 56.62, KL: 30.23)
o Val.  loss: 89.34   (RE: 58.85, KL: 30.50)
--> Early stopping: 2/50 (BEST: 89.39)

->model saved<-
beta: 1.0
Epoch: 140/2000, Time elapsed: 28.38s
* Train loss: 86.78   (RE: 56.58, KL: 30.20)
o Val.  loss: 89.26   (RE: 58.84, KL: 30.42)
--> Early stopping: 0/50 (BEST: 89.34)

->model saved<-
beta: 1.0
Epoch: 141/2000, Time elapsed: 28.33s
* Train loss: 86.74   (RE: 56.58, KL: 30.16)
o Val.  loss: 89.36   (RE: 58.95, KL: 30.42)
--> Early stopping: 0/50 (BEST: 89.26)

beta: 1.0
Epoch: 142/2000, Time elapsed: 28.70s
* Train loss: 86.71   (RE: 56.53, KL: 30.18)
o Val.  loss: 89.30   (RE: 58.79, KL: 30.51)
--> Early stopping: 1/50 (BEST: 89.26)

beta: 1.0
Epoch: 143/2000, Time elapsed: 28.64s
* Train loss: 86.63   (RE: 56.47, KL: 30.15)
o Val.  loss: 89.29   (RE: 58.84, KL: 30.45)
--> Early stopping: 2/50 (BEST: 89.26)

beta: 1.0
Epoch: 144/2000, Time elapsed: 29.02s
* Train loss: 86.59   (RE: 56.50, KL: 30.09)
o Val.  loss: 89.20   (RE: 58.83, KL: 30.37)
--> Early stopping: 3/50 (BEST: 89.26)

->model saved<-
beta: 1.0
Epoch: 145/2000, Time elapsed: 28.71s
* Train loss: 86.54   (RE: 56.44, KL: 30.11)
o Val.  loss: 89.18   (RE: 58.73, KL: 30.45)
--> Early stopping: 0/50 (BEST: 89.20)

->model saved<-
beta: 1.0
Epoch: 146/2000, Time elapsed: 28.91s
* Train loss: 86.46   (RE: 56.40, KL: 30.07)
o Val.  loss: 89.28   (RE: 58.97, KL: 30.31)
--> Early stopping: 0/50 (BEST: 89.18)

beta: 1.0
Epoch: 147/2000, Time elapsed: 28.90s
* Train loss: 86.42   (RE: 56.36, KL: 30.07)
o Val.  loss: 89.21   (RE: 58.94, KL: 30.27)
--> Early stopping: 1/50 (BEST: 89.18)

beta: 1.0
Epoch: 148/2000, Time elapsed: 28.27s
* Train loss: 86.37   (RE: 56.33, KL: 30.04)
o Val.  loss: 89.09   (RE: 58.82, KL: 30.27)
--> Early stopping: 2/50 (BEST: 89.18)

->model saved<-
beta: 1.0
Epoch: 149/2000, Time elapsed: 28.37s
* Train loss: 86.34   (RE: 56.31, KL: 30.03)
o Val.  loss: 89.23   (RE: 59.00, KL: 30.23)
--> Early stopping: 0/50 (BEST: 89.09)

beta: 1.0
Epoch: 150/2000, Time elapsed: 27.26s
* Train loss: 86.28   (RE: 56.31, KL: 29.96)
o Val.  loss: 89.16   (RE: 58.81, KL: 30.35)
--> Early stopping: 1/50 (BEST: 89.09)

beta: 1.0
Epoch: 151/2000, Time elapsed: 27.67s
* Train loss: 86.22   (RE: 56.24, KL: 29.97)
o Val.  loss: 89.11   (RE: 58.70, KL: 30.40)
--> Early stopping: 2/50 (BEST: 89.09)

beta: 1.0
Epoch: 152/2000, Time elapsed: 27.37s
* Train loss: 86.18   (RE: 56.25, KL: 29.93)
o Val.  loss: 89.06   (RE: 58.29, KL: 30.77)
--> Early stopping: 3/50 (BEST: 89.09)

->model saved<-
beta: 1.0
Epoch: 153/2000, Time elapsed: 28.90s
* Train loss: 86.12   (RE: 56.21, KL: 29.92)
o Val.  loss: 89.12   (RE: 58.99, KL: 30.13)
--> Early stopping: 0/50 (BEST: 89.06)

beta: 1.0
Epoch: 154/2000, Time elapsed: 27.28s
* Train loss: 86.09   (RE: 56.17, KL: 29.91)
o Val.  loss: 88.95   (RE: 58.54, KL: 30.41)
--> Early stopping: 1/50 (BEST: 89.06)

->model saved<-
beta: 1.0
Epoch: 155/2000, Time elapsed: 29.56s
* Train loss: 86.04   (RE: 56.15, KL: 29.89)
o Val.  loss: 88.94   (RE: 58.66, KL: 30.29)
--> Early stopping: 0/50 (BEST: 88.95)

->model saved<-
beta: 1.0
Epoch: 156/2000, Time elapsed: 28.71s
* Train loss: 86.01   (RE: 56.13, KL: 29.88)
o Val.  loss: 89.04   (RE: 59.17, KL: 29.87)
--> Early stopping: 0/50 (BEST: 88.94)

beta: 1.0
Epoch: 157/2000, Time elapsed: 28.69s
* Train loss: 85.94   (RE: 56.06, KL: 29.88)
o Val.  loss: 88.97   (RE: 58.95, KL: 30.02)
--> Early stopping: 1/50 (BEST: 88.94)

beta: 1.0
Epoch: 158/2000, Time elapsed: 29.47s
* Train loss: 85.92   (RE: 56.07, KL: 29.85)
o Val.  loss: 88.97   (RE: 58.93, KL: 30.03)
--> Early stopping: 2/50 (BEST: 88.94)

beta: 1.0
Epoch: 159/2000, Time elapsed: 29.52s
* Train loss: 85.85   (RE: 56.05, KL: 29.79)
o Val.  loss: 88.94   (RE: 59.40, KL: 29.54)
--> Early stopping: 3/50 (BEST: 88.94)

->model saved<-
beta: 1.0
Epoch: 160/2000, Time elapsed: 29.89s
* Train loss: 85.83   (RE: 56.00, KL: 29.83)
o Val.  loss: 88.98   (RE: 58.69, KL: 30.28)
--> Early stopping: 0/50 (BEST: 88.94)

beta: 1.0
Epoch: 161/2000, Time elapsed: 28.98s
* Train loss: 85.77   (RE: 55.94, KL: 29.83)
o Val.  loss: 88.94   (RE: 58.51, KL: 30.43)
--> Early stopping: 1/50 (BEST: 88.94)

beta: 1.0
Epoch: 162/2000, Time elapsed: 29.10s
* Train loss: 85.73   (RE: 55.94, KL: 29.79)
o Val.  loss: 89.09   (RE: 58.62, KL: 30.47)
--> Early stopping: 2/50 (BEST: 88.94)

beta: 1.0
Epoch: 163/2000, Time elapsed: 28.80s
* Train loss: 85.70   (RE: 55.92, KL: 29.78)
o Val.  loss: 89.15   (RE: 59.03, KL: 30.12)
--> Early stopping: 3/50 (BEST: 88.94)

beta: 1.0
Epoch: 164/2000, Time elapsed: 28.97s
* Train loss: 85.63   (RE: 55.83, KL: 29.79)
o Val.  loss: 88.98   (RE: 58.92, KL: 30.05)
--> Early stopping: 4/50 (BEST: 88.94)

beta: 1.0
Epoch: 165/2000, Time elapsed: 28.92s
* Train loss: 85.59   (RE: 55.84, KL: 29.75)
o Val.  loss: 88.90   (RE: 59.21, KL: 29.69)
--> Early stopping: 5/50 (BEST: 88.94)

->model saved<-
beta: 1.0
Epoch: 166/2000, Time elapsed: 28.42s
* Train loss: 85.54   (RE: 55.83, KL: 29.71)
o Val.  loss: 88.84   (RE: 58.89, KL: 29.95)
--> Early stopping: 0/50 (BEST: 88.90)

->model saved<-
beta: 1.0
Epoch: 167/2000, Time elapsed: 28.89s
* Train loss: 85.52   (RE: 55.78, KL: 29.74)
o Val.  loss: 89.06   (RE: 58.79, KL: 30.26)
--> Early stopping: 0/50 (BEST: 88.84)

beta: 1.0
Epoch: 168/2000, Time elapsed: 28.63s
* Train loss: 85.49   (RE: 55.78, KL: 29.71)
o Val.  loss: 89.01   (RE: 58.28, KL: 30.74)
--> Early stopping: 1/50 (BEST: 88.84)

beta: 1.0
Epoch: 169/2000, Time elapsed: 29.37s
* Train loss: 85.46   (RE: 55.72, KL: 29.74)
o Val.  loss: 88.94   (RE: 58.90, KL: 30.03)
--> Early stopping: 2/50 (BEST: 88.84)

beta: 1.0
Epoch: 170/2000, Time elapsed: 29.18s
* Train loss: 85.37   (RE: 55.69, KL: 29.68)
o Val.  loss: 88.94   (RE: 58.90, KL: 30.04)
--> Early stopping: 3/50 (BEST: 88.84)

beta: 1.0
Epoch: 171/2000, Time elapsed: 30.02s
* Train loss: 85.34   (RE: 55.63, KL: 29.70)
o Val.  loss: 88.83   (RE: 58.93, KL: 29.89)
--> Early stopping: 4/50 (BEST: 88.84)

->model saved<-
beta: 1.0
Epoch: 172/2000, Time elapsed: 25.85s
* Train loss: 85.33   (RE: 55.65, KL: 29.68)
o Val.  loss: 88.95   (RE: 59.03, KL: 29.92)
--> Early stopping: 0/50 (BEST: 88.83)

beta: 1.0
Epoch: 173/2000, Time elapsed: 28.77s
* Train loss: 85.27   (RE: 55.60, KL: 29.67)
o Val.  loss: 88.80   (RE: 58.96, KL: 29.84)
--> Early stopping: 1/50 (BEST: 88.83)

->model saved<-
beta: 1.0
Epoch: 174/2000, Time elapsed: 29.35s
* Train loss: 85.25   (RE: 55.58, KL: 29.67)
o Val.  loss: 88.86   (RE: 58.75, KL: 30.11)
--> Early stopping: 0/50 (BEST: 88.80)

beta: 1.0
Epoch: 175/2000, Time elapsed: 29.36s
* Train loss: 85.20   (RE: 55.50, KL: 29.70)
o Val.  loss: 89.04   (RE: 58.84, KL: 30.19)
--> Early stopping: 1/50 (BEST: 88.80)

beta: 1.0
Epoch: 176/2000, Time elapsed: 29.95s
* Train loss: 85.16   (RE: 55.49, KL: 29.67)
o Val.  loss: 88.94   (RE: 58.79, KL: 30.16)
--> Early stopping: 2/50 (BEST: 88.80)

beta: 1.0
Epoch: 177/2000, Time elapsed: 29.22s
* Train loss: 85.13   (RE: 55.48, KL: 29.65)
o Val.  loss: 88.89   (RE: 58.55, KL: 30.34)
--> Early stopping: 3/50 (BEST: 88.80)

beta: 1.0
Epoch: 178/2000, Time elapsed: 29.48s
* Train loss: 85.09   (RE: 55.47, KL: 29.62)
o Val.  loss: 88.84   (RE: 59.29, KL: 29.55)
--> Early stopping: 4/50 (BEST: 88.80)

beta: 1.0
Epoch: 179/2000, Time elapsed: 29.63s
* Train loss: 85.00   (RE: 55.43, KL: 29.57)
o Val.  loss: 89.01   (RE: 58.96, KL: 30.05)
--> Early stopping: 5/50 (BEST: 88.80)

beta: 1.0
Epoch: 180/2000, Time elapsed: 29.28s
* Train loss: 85.01   (RE: 55.41, KL: 29.60)
o Val.  loss: 88.87   (RE: 58.84, KL: 30.02)
--> Early stopping: 6/50 (BEST: 88.80)

beta: 1.0
Epoch: 181/2000, Time elapsed: 29.53s
* Train loss: 84.97   (RE: 55.34, KL: 29.64)
o Val.  loss: 88.91   (RE: 58.83, KL: 30.08)
--> Early stopping: 7/50 (BEST: 88.80)

beta: 1.0
Epoch: 182/2000, Time elapsed: 28.62s
* Train loss: 84.93   (RE: 55.33, KL: 29.60)
o Val.  loss: 88.96   (RE: 59.11, KL: 29.85)
--> Early stopping: 8/50 (BEST: 88.80)

beta: 1.0
Epoch: 183/2000, Time elapsed: 29.51s
* Train loss: 84.89   (RE: 55.27, KL: 29.61)
o Val.  loss: 88.88   (RE: 58.99, KL: 29.88)
--> Early stopping: 9/50 (BEST: 88.80)

beta: 1.0
Epoch: 184/2000, Time elapsed: 27.96s
* Train loss: 84.86   (RE: 55.28, KL: 29.58)
o Val.  loss: 88.96   (RE: 59.10, KL: 29.86)
--> Early stopping: 10/50 (BEST: 88.80)

beta: 1.0
Epoch: 185/2000, Time elapsed: 29.29s
* Train loss: 84.81   (RE: 55.25, KL: 29.57)
o Val.  loss: 89.01   (RE: 59.17, KL: 29.84)
--> Early stopping: 11/50 (BEST: 88.80)

beta: 1.0
Epoch: 186/2000, Time elapsed: 28.54s
* Train loss: 84.77   (RE: 55.19, KL: 29.58)
o Val.  loss: 88.89   (RE: 59.25, KL: 29.65)
--> Early stopping: 12/50 (BEST: 88.80)

beta: 1.0
Epoch: 187/2000, Time elapsed: 29.52s
* Train loss: 84.76   (RE: 55.18, KL: 29.58)
o Val.  loss: 89.01   (RE: 59.25, KL: 29.76)
--> Early stopping: 13/50 (BEST: 88.80)

beta: 1.0
Epoch: 188/2000, Time elapsed: 29.29s
* Train loss: 84.71   (RE: 55.13, KL: 29.58)
o Val.  loss: 89.33   (RE: 59.39, KL: 29.95)
--> Early stopping: 14/50 (BEST: 88.80)

beta: 1.0
Epoch: 189/2000, Time elapsed: 29.26s
* Train loss: 84.66   (RE: 55.12, KL: 29.54)
o Val.  loss: 89.05   (RE: 58.63, KL: 30.42)
--> Early stopping: 15/50 (BEST: 88.80)

beta: 1.0
Epoch: 190/2000, Time elapsed: 29.23s
* Train loss: 84.65   (RE: 55.08, KL: 29.57)
o Val.  loss: 88.89   (RE: 58.96, KL: 29.93)
--> Early stopping: 16/50 (BEST: 88.80)

beta: 1.0
Epoch: 191/2000, Time elapsed: 28.95s
* Train loss: 84.61   (RE: 55.04, KL: 29.57)
o Val.  loss: 88.89   (RE: 59.01, KL: 29.88)
--> Early stopping: 17/50 (BEST: 88.80)

beta: 1.0
Epoch: 192/2000, Time elapsed: 27.92s
* Train loss: 84.59   (RE: 55.04, KL: 29.55)
o Val.  loss: 88.94   (RE: 59.07, KL: 29.88)
--> Early stopping: 18/50 (BEST: 88.80)

beta: 1.0
Epoch: 193/2000, Time elapsed: 29.25s
* Train loss: 84.54   (RE: 54.99, KL: 29.55)
o Val.  loss: 88.97   (RE: 59.11, KL: 29.86)
--> Early stopping: 19/50 (BEST: 88.80)

beta: 1.0
Epoch: 194/2000, Time elapsed: 29.13s
* Train loss: 84.53   (RE: 55.00, KL: 29.54)
o Val.  loss: 89.00   (RE: 59.14, KL: 29.85)
--> Early stopping: 20/50 (BEST: 88.80)

beta: 1.0
Epoch: 195/2000, Time elapsed: 29.39s
* Train loss: 84.46   (RE: 54.92, KL: 29.54)
o Val.  loss: 89.03   (RE: 59.25, KL: 29.77)
--> Early stopping: 21/50 (BEST: 88.80)

beta: 1.0
Epoch: 196/2000, Time elapsed: 29.39s
* Train loss: 84.44   (RE: 54.90, KL: 29.54)
o Val.  loss: 88.75   (RE: 58.96, KL: 29.79)
--> Early stopping: 22/50 (BEST: 88.80)

->model saved<-
beta: 1.0
Epoch: 197/2000, Time elapsed: 29.21s
* Train loss: 84.41   (RE: 54.90, KL: 29.52)
o Val.  loss: 88.96   (RE: 59.10, KL: 29.85)
--> Early stopping: 0/50 (BEST: 88.75)

beta: 1.0
Epoch: 198/2000, Time elapsed: 29.15s
* Train loss: 84.38   (RE: 54.84, KL: 29.54)
o Val.  loss: 88.95   (RE: 59.29, KL: 29.66)
--> Early stopping: 1/50 (BEST: 88.75)

beta: 1.0
Epoch: 199/2000, Time elapsed: 29.25s
* Train loss: 84.35   (RE: 54.83, KL: 29.52)
o Val.  loss: 89.01   (RE: 59.50, KL: 29.51)
--> Early stopping: 2/50 (BEST: 88.75)

beta: 1.0
Epoch: 200/2000, Time elapsed: 29.23s
* Train loss: 84.31   (RE: 54.78, KL: 29.52)
o Val.  loss: 88.95   (RE: 59.17, KL: 29.79)
--> Early stopping: 3/50 (BEST: 88.75)

beta: 1.0
Epoch: 201/2000, Time elapsed: 28.37s
* Train loss: 84.30   (RE: 54.75, KL: 29.55)
o Val.  loss: 89.13   (RE: 58.64, KL: 30.49)
--> Early stopping: 4/50 (BEST: 88.75)

beta: 1.0
Epoch: 202/2000, Time elapsed: 29.61s
* Train loss: 84.28   (RE: 54.75, KL: 29.52)
o Val.  loss: 89.00   (RE: 58.88, KL: 30.12)
--> Early stopping: 5/50 (BEST: 88.75)

beta: 1.0
Epoch: 203/2000, Time elapsed: 30.02s
* Train loss: 84.23   (RE: 54.73, KL: 29.50)
o Val.  loss: 89.06   (RE: 58.93, KL: 30.13)
--> Early stopping: 6/50 (BEST: 88.75)

beta: 1.0
Epoch: 204/2000, Time elapsed: 28.98s
* Train loss: 84.18   (RE: 54.69, KL: 29.49)
o Val.  loss: 88.98   (RE: 59.19, KL: 29.79)
--> Early stopping: 7/50 (BEST: 88.75)

beta: 1.0
Epoch: 205/2000, Time elapsed: 29.51s
* Train loss: 84.17   (RE: 54.67, KL: 29.51)
o Val.  loss: 88.87   (RE: 58.60, KL: 30.27)
--> Early stopping: 8/50 (BEST: 88.75)

beta: 1.0
Epoch: 206/2000, Time elapsed: 27.27s
* Train loss: 84.14   (RE: 54.63, KL: 29.52)
o Val.  loss: 88.85   (RE: 58.53, KL: 30.31)
--> Early stopping: 9/50 (BEST: 88.75)

beta: 1.0
Epoch: 207/2000, Time elapsed: 29.03s
* Train loss: 84.12   (RE: 54.63, KL: 29.48)
o Val.  loss: 89.13   (RE: 59.13, KL: 30.00)
--> Early stopping: 10/50 (BEST: 88.75)

beta: 1.0
Epoch: 208/2000, Time elapsed: 29.37s
* Train loss: 84.10   (RE: 54.57, KL: 29.53)
o Val.  loss: 88.97   (RE: 59.13, KL: 29.84)
--> Early stopping: 11/50 (BEST: 88.75)

beta: 1.0
Epoch: 209/2000, Time elapsed: 28.86s
* Train loss: 84.05   (RE: 54.55, KL: 29.51)
o Val.  loss: 88.98   (RE: 58.70, KL: 30.28)
--> Early stopping: 12/50 (BEST: 88.75)

beta: 1.0
Epoch: 210/2000, Time elapsed: 29.34s
* Train loss: 84.00   (RE: 54.51, KL: 29.50)
o Val.  loss: 89.09   (RE: 59.41, KL: 29.68)
--> Early stopping: 13/50 (BEST: 88.75)

beta: 1.0
Epoch: 211/2000, Time elapsed: 29.60s
* Train loss: 83.98   (RE: 54.49, KL: 29.48)
o Val.  loss: 88.84   (RE: 58.97, KL: 29.87)
--> Early stopping: 14/50 (BEST: 88.75)

beta: 1.0
Epoch: 212/2000, Time elapsed: 28.88s
* Train loss: 83.96   (RE: 54.46, KL: 29.50)
o Val.  loss: 89.03   (RE: 59.13, KL: 29.89)
--> Early stopping: 15/50 (BEST: 88.75)

beta: 1.0
Epoch: 213/2000, Time elapsed: 28.66s
* Train loss: 83.92   (RE: 54.47, KL: 29.45)
o Val.  loss: 89.01   (RE: 58.90, KL: 30.11)
--> Early stopping: 16/50 (BEST: 88.75)

beta: 1.0
Epoch: 214/2000, Time elapsed: 28.52s
* Train loss: 83.91   (RE: 54.42, KL: 29.49)
o Val.  loss: 89.18   (RE: 59.14, KL: 30.04)
--> Early stopping: 17/50 (BEST: 88.75)

beta: 1.0
Epoch: 215/2000, Time elapsed: 29.15s
* Train loss: 83.87   (RE: 54.41, KL: 29.46)
o Val.  loss: 89.07   (RE: 58.87, KL: 30.20)
--> Early stopping: 18/50 (BEST: 88.75)

beta: 1.0
Epoch: 216/2000, Time elapsed: 28.82s
* Train loss: 83.86   (RE: 54.37, KL: 29.49)
o Val.  loss: 89.16   (RE: 59.40, KL: 29.76)
--> Early stopping: 19/50 (BEST: 88.75)

beta: 1.0
Epoch: 217/2000, Time elapsed: 29.51s
* Train loss: 83.83   (RE: 54.31, KL: 29.51)
o Val.  loss: 89.07   (RE: 59.04, KL: 30.03)
--> Early stopping: 20/50 (BEST: 88.75)

beta: 1.0
Epoch: 218/2000, Time elapsed: 27.38s
* Train loss: 83.79   (RE: 54.30, KL: 29.49)
o Val.  loss: 89.05   (RE: 59.01, KL: 30.03)
--> Early stopping: 21/50 (BEST: 88.75)

beta: 1.0
Epoch: 219/2000, Time elapsed: 29.28s
* Train loss: 83.75   (RE: 54.25, KL: 29.51)
o Val.  loss: 89.11   (RE: 58.92, KL: 30.19)
--> Early stopping: 22/50 (BEST: 88.75)

beta: 1.0
Epoch: 220/2000, Time elapsed: 28.89s
* Train loss: 83.73   (RE: 54.26, KL: 29.46)
o Val.  loss: 89.13   (RE: 59.17, KL: 29.97)
--> Early stopping: 23/50 (BEST: 88.75)

beta: 1.0
Epoch: 221/2000, Time elapsed: 28.87s
* Train loss: 83.69   (RE: 54.21, KL: 29.48)
o Val.  loss: 89.07   (RE: 59.19, KL: 29.87)
--> Early stopping: 24/50 (BEST: 88.75)

beta: 1.0
Epoch: 222/2000, Time elapsed: 28.32s
* Train loss: 83.65   (RE: 54.17, KL: 29.49)
o Val.  loss: 89.17   (RE: 59.21, KL: 29.96)
--> Early stopping: 25/50 (BEST: 88.75)

beta: 1.0
Epoch: 223/2000, Time elapsed: 28.71s
* Train loss: 83.61   (RE: 54.16, KL: 29.45)
o Val.  loss: 89.06   (RE: 58.97, KL: 30.09)
--> Early stopping: 26/50 (BEST: 88.75)

beta: 1.0
Epoch: 224/2000, Time elapsed: 26.64s
* Train loss: 83.61   (RE: 54.16, KL: 29.45)
o Val.  loss: 89.32   (RE: 59.14, KL: 30.19)
--> Early stopping: 27/50 (BEST: 88.75)

beta: 1.0
Epoch: 225/2000, Time elapsed: 29.15s
* Train loss: 83.60   (RE: 54.10, KL: 29.50)
o Val.  loss: 89.12   (RE: 59.17, KL: 29.95)
--> Early stopping: 28/50 (BEST: 88.75)

beta: 1.0
Epoch: 226/2000, Time elapsed: 28.91s
* Train loss: 83.57   (RE: 54.07, KL: 29.50)
o Val.  loss: 89.26   (RE: 59.31, KL: 29.95)
--> Early stopping: 29/50 (BEST: 88.75)

beta: 1.0
Epoch: 227/2000, Time elapsed: 28.82s
* Train loss: 83.52   (RE: 54.04, KL: 29.48)
o Val.  loss: 89.22   (RE: 59.15, KL: 30.07)
--> Early stopping: 30/50 (BEST: 88.75)

beta: 1.0
Epoch: 228/2000, Time elapsed: 28.35s
* Train loss: 83.51   (RE: 54.02, KL: 29.48)
o Val.  loss: 89.24   (RE: 58.92, KL: 30.32)
--> Early stopping: 31/50 (BEST: 88.75)

beta: 1.0
Epoch: 229/2000, Time elapsed: 29.33s
* Train loss: 83.47   (RE: 54.00, KL: 29.47)
o Val.  loss: 89.06   (RE: 59.18, KL: 29.87)
--> Early stopping: 32/50 (BEST: 88.75)

beta: 1.0
Epoch: 230/2000, Time elapsed: 28.65s
* Train loss: 83.44   (RE: 53.98, KL: 29.46)
o Val.  loss: 89.17   (RE: 59.41, KL: 29.76)
--> Early stopping: 33/50 (BEST: 88.75)

beta: 1.0
Epoch: 231/2000, Time elapsed: 29.18s
* Train loss: 83.44   (RE: 53.96, KL: 29.48)
o Val.  loss: 89.15   (RE: 59.03, KL: 30.12)
--> Early stopping: 34/50 (BEST: 88.75)

beta: 1.0
Epoch: 232/2000, Time elapsed: 28.79s
* Train loss: 83.40   (RE: 53.89, KL: 29.51)
o Val.  loss: 89.18   (RE: 59.35, KL: 29.83)
--> Early stopping: 35/50 (BEST: 88.75)

beta: 1.0
Epoch: 233/2000, Time elapsed: 29.00s
* Train loss: 83.36   (RE: 53.86, KL: 29.50)
o Val.  loss: 89.18   (RE: 59.51, KL: 29.66)
--> Early stopping: 36/50 (BEST: 88.75)

beta: 1.0
Epoch: 234/2000, Time elapsed: 28.92s
* Train loss: 83.35   (RE: 53.87, KL: 29.48)
o Val.  loss: 89.32   (RE: 59.17, KL: 30.15)
--> Early stopping: 37/50 (BEST: 88.75)

beta: 1.0
Epoch: 235/2000, Time elapsed: 29.32s
* Train loss: 83.32   (RE: 53.83, KL: 29.49)
o Val.  loss: 89.16   (RE: 59.18, KL: 29.98)
--> Early stopping: 38/50 (BEST: 88.75)

beta: 1.0
Epoch: 236/2000, Time elapsed: 29.12s
* Train loss: 83.34   (RE: 53.83, KL: 29.50)
o Val.  loss: 89.14   (RE: 59.05, KL: 30.09)
--> Early stopping: 39/50 (BEST: 88.75)

beta: 1.0
Epoch: 237/2000, Time elapsed: 29.40s
* Train loss: 83.29   (RE: 53.80, KL: 29.48)
o Val.  loss: 89.03   (RE: 59.25, KL: 29.77)
--> Early stopping: 40/50 (BEST: 88.75)

beta: 1.0
Epoch: 238/2000, Time elapsed: 29.04s
* Train loss: 83.25   (RE: 53.78, KL: 29.47)
o Val.  loss: 89.27   (RE: 59.47, KL: 29.80)
--> Early stopping: 41/50 (BEST: 88.75)

beta: 1.0
Epoch: 239/2000, Time elapsed: 29.28s
* Train loss: 83.23   (RE: 53.76, KL: 29.47)
o Val.  loss: 89.16   (RE: 59.11, KL: 30.04)
--> Early stopping: 42/50 (BEST: 88.75)

beta: 1.0
Epoch: 240/2000, Time elapsed: 28.88s
* Train loss: 83.21   (RE: 53.72, KL: 29.49)
o Val.  loss: 89.22   (RE: 59.45, KL: 29.77)
--> Early stopping: 43/50 (BEST: 88.75)

beta: 1.0
Epoch: 241/2000, Time elapsed: 28.31s
* Train loss: 83.16   (RE: 53.71, KL: 29.45)
o Val.  loss: 89.25   (RE: 59.16, KL: 30.09)
--> Early stopping: 44/50 (BEST: 88.75)

beta: 1.0
Epoch: 242/2000, Time elapsed: 26.44s
* Train loss: 83.12   (RE: 53.67, KL: 29.46)
o Val.  loss: 89.32   (RE: 59.35, KL: 29.96)
--> Early stopping: 45/50 (BEST: 88.75)

beta: 1.0
Epoch: 243/2000, Time elapsed: 28.51s
* Train loss: 83.10   (RE: 53.64, KL: 29.47)
o Val.  loss: 89.22   (RE: 59.28, KL: 29.94)
--> Early stopping: 46/50 (BEST: 88.75)

beta: 1.0
Epoch: 244/2000, Time elapsed: 26.71s
* Train loss: 83.04   (RE: 53.59, KL: 29.46)
o Val.  loss: 89.43   (RE: 59.49, KL: 29.94)
--> Early stopping: 47/50 (BEST: 88.75)

beta: 1.0
Epoch: 245/2000, Time elapsed: 29.28s
* Train loss: 83.08   (RE: 53.59, KL: 29.49)
o Val.  loss: 89.42   (RE: 59.12, KL: 30.30)
--> Early stopping: 48/50 (BEST: 88.75)

beta: 1.0
Epoch: 246/2000, Time elapsed: 28.81s
* Train loss: 83.04   (RE: 53.57, KL: 29.47)
o Val.  loss: 89.35   (RE: 59.27, KL: 30.07)
--> Early stopping: 49/50 (BEST: 88.75)

beta: 1.0
Epoch: 247/2000, Time elapsed: 28.62s
* Train loss: 82.99   (RE: 53.54, KL: 29.45)
o Val.  loss: 89.23   (RE: 59.39, KL: 29.84)
--> Early stopping: 50/50 (BEST: 88.75)

Test lower-bound value 88.22 in time: 1.06s
Train lower-bound value 0.00 in time: 0.00s
0.00%
1.00%
2.00%
3.00%
4.00%
5.00%
6.00%
7.00%
8.00%
9.00%
10.00%
11.00%
12.00%
13.00%
14.00%
15.00%
16.00%
17.00%
18.00%
19.00%
20.00%
21.00%
22.00%
23.00%
24.00%
25.00%
26.00%
27.00%
28.00%
29.00%
30.00%
31.00%
32.00%
33.00%
34.00%
35.00%
36.00%
37.00%
38.00%
39.00%
40.00%
41.00%
42.00%
43.00%
44.00%
45.00%
46.00%
47.00%
48.00%
49.00%
50.00%
51.00%
52.00%
53.00%
54.00%
55.00%
56.00%
57.00%
58.00%
59.00%
60.00%
61.00%
62.00%
63.00%
64.00%
65.00%
66.00%
67.00%
68.00%
69.00%
70.00%
71.00%
72.00%
73.00%
74.00%
75.00%
76.00%
77.00%
78.00%
79.00%
80.00%
81.00%
82.00%
83.00%
84.00%
85.00%
86.00%
87.00%
88.00%
89.00%
90.00%
91.00%
92.00%
93.00%
94.00%
95.00%
96.00%
97.00%
98.00%
99.00%
Test log_likelihood value 82.80 in time: 5468.43s
Train log_likelihood value 0.00 in time: 0.00s
Traceback (most recent call last):
  File "/root/vae_vampprior/experiment.py", line 206, in <module>
    run(args, kwargs)
  File "/root/vae_vampprior/experiment.py", line 174, in run
    experiment_vae(args, train_loader, val_loader, test_loader, model, optimizer, dir, model_name = args.model_name)
  File "/root/vae_vampprior/utils/perform_experiment.py", line 79, in experiment_vae
    test_loss, test_re, test_kl, test_log_likelihood, train_log_likelihood, test_elbo, train_elbo = evaluate(args, best_model, train_loader, test_loader, 9999, dir, mode='test')
                                                                                                    ^^^^^^^^^^^^^^^^^^^^^^^^^^^^^^^^^^^^^^^^^^^^^^^^^^^^^^^^^^^^^^^^^^^^^^^^^^^^^
  File "/root/vae_vampprior/utils/evaluation.py", line 148, in evaluate_vae
    active_units, _ = compute_active_units(model, data_loader, dir, 'cuda' if not args.no_cuda else 'cpu') 
                      ^^^^^^^^^^^^^^^^^^^^^^^^^^^^^^^^^^^^^^^^^^^^^^^^^^^^^^^^^^^^^^^^^^^^^^^^^^^^^^^^^^^^
  File "/root/vae_vampprior/utils/additional_metrics.py", line 28, in compute_active_units
    mu, _ = model.q_z2(x)
            ^^^^^^^^^^^^^
  File "/root/vae_vampprior/models/convHVAE_2level.py", line 248, in q_z2
    h = self.q_z2_layers(x)
        ^^^^^^^^^^^^^^^^^^^
  File "/root/vae_vampprior/.venv/lib/python3.12/site-packages/torch/nn/modules/module.py", line 1775, in _wrapped_call_impl
    return self._call_impl(*args, **kwargs)
           ^^^^^^^^^^^^^^^^^^^^^^^^^^^^^^^^
  File "/root/vae_vampprior/.venv/lib/python3.12/site-packages/torch/nn/modules/module.py", line 1786, in _call_impl
    return forward_call(*args, **kwargs)
           ^^^^^^^^^^^^^^^^^^^^^^^^^^^^^
  File "/root/vae_vampprior/.venv/lib/python3.12/site-packages/torch/nn/modules/container.py", line 250, in forward
    input = module(input)
            ^^^^^^^^^^^^^
  File "/root/vae_vampprior/.venv/lib/python3.12/site-packages/torch/nn/modules/module.py", line 1775, in _wrapped_call_impl
    return self._call_impl(*args, **kwargs)
           ^^^^^^^^^^^^^^^^^^^^^^^^^^^^^^^^
  File "/root/vae_vampprior/.venv/lib/python3.12/site-packages/torch/nn/modules/module.py", line 1786, in _call_impl
    return forward_call(*args, **kwargs)
           ^^^^^^^^^^^^^^^^^^^^^^^^^^^^^
  File "/root/vae_vampprior/utils/nn.py", line 86, in forward
    h = self.h(x)
        ^^^^^^^^^
  File "/root/vae_vampprior/.venv/lib/python3.12/site-packages/torch/nn/modules/module.py", line 1775, in _wrapped_call_impl
    return self._call_impl(*args, **kwargs)
           ^^^^^^^^^^^^^^^^^^^^^^^^^^^^^^^^
  File "/root/vae_vampprior/.venv/lib/python3.12/site-packages/torch/nn/modules/module.py", line 1786, in _call_impl
    return forward_call(*args, **kwargs)
           ^^^^^^^^^^^^^^^^^^^^^^^^^^^^^
  File "/root/vae_vampprior/.venv/lib/python3.12/site-packages/torch/nn/modules/conv.py", line 548, in forward
    return self._conv_forward(input, self.weight, self.bias)
           ^^^^^^^^^^^^^^^^^^^^^^^^^^^^^^^^^^^^^^^^^^^^^^^^^
  File "/root/vae_vampprior/.venv/lib/python3.12/site-packages/torch/nn/modules/conv.py", line 543, in _conv_forward
    return F.conv2d(
           ^^^^^^^^^
RuntimeError: Expected 3D (unbatched) or 4D (batched) input to conv2d, but got input of size: [100, 784]
