load data
create model
Namespace(batch_size=100, test_batch_size=100, epochs=2000, lr=0.0005, early_stopping_epochs=50, warmup=100, no_cuda=False, seed=14, z1_size=40, z2_size=40, input_size=[1, 28, 28], activation=None, number_components=500, pseudoinputs_mean=0.05, pseudoinputs_std=0.01, use_training_data_init=False, model_name='convhvae_2level', prior='vampprior', weighted=False, input_type='binary', flow_layers=8, flow_hidden_dim=128, S=5000, MB=100, dataset_name='static_mnist', dynamic_binarization=False, cuda=True, model_signature='2026-01-21 16:39:51')
perform experiment
beta: 0.01
/root/vae_vampprior/models/Model.py:41: UserWarning: The torch.cuda.*DtypeTensor constructors are no longer recommended. It's best to use methods such as torch.tensor(data, dtype=*, device='cuda') to create tensors. (Triggered internally at /pytorch/torch/csrc/tensor/python_tensor.cpp:78.)
  eps = torch.cuda.FloatTensor(std.size()).normal_()
/root/vae_vampprior/utils/optimizer.py:75: UserWarning: This overload of add_ is deprecated:
	add_(Number alpha, Tensor other)
Consider using one of the following signatures instead:
	add_(Tensor other, *, Number alpha = 1) (Triggered internally at /pytorch/torch/csrc/utils/python_arg_parser.cpp:1805.)
  exp_avg.mul_(beta1).add_(1 - beta1, grad)
Epoch: 1/2000, Time elapsed: 33.86s
* Train loss: 112.27   (RE: 110.13, KL: 213.99)
o Val.  loss: 256.79   (RE: 66.06, KL: 190.73)
--> Early stopping: 0/50 (BEST: 100000.00)

->model saved<-
beta: 0.02
Epoch: 2/2000, Time elapsed: 32.85s
* Train loss: 59.56   (RE: 56.18, KL: 168.99)
o Val.  loss: 216.05   (RE: 49.46, KL: 166.59)
--> Early stopping: 0/50 (BEST: 256.79)

->model saved<-
beta: 0.03
Epoch: 3/2000, Time elapsed: 33.31s
* Train loss: 50.53   (RE: 45.85, KL: 155.98)
o Val.  loss: 203.08   (RE: 42.81, KL: 160.27)
--> Early stopping: 0/50 (BEST: 216.05)

->model saved<-
beta: 0.04
Epoch: 4/2000, Time elapsed: 33.96s
* Train loss: 46.13   (RE: 40.05, KL: 152.00)
o Val.  loss: 189.53   (RE: 37.93, KL: 151.60)
--> Early stopping: 0/50 (BEST: 203.08)

->model saved<-
beta: 0.05
Epoch: 5/2000, Time elapsed: 34.73s
* Train loss: 43.50   (RE: 35.96, KL: 150.82)
o Val.  loss: 185.41   (RE: 34.08, KL: 151.33)
--> Early stopping: 0/50 (BEST: 189.53)

->model saved<-
beta: 0.06
Epoch: 6/2000, Time elapsed: 34.18s
* Train loss: 41.23   (RE: 32.08, KL: 152.39)
o Val.  loss: 186.56   (RE: 30.26, KL: 156.30)
--> Early stopping: 0/50 (BEST: 185.41)

beta: 0.07
Epoch: 7/2000, Time elapsed: 33.55s
* Train loss: 39.77   (RE: 29.10, KL: 152.36)
o Val.  loss: 183.61   (RE: 28.63, KL: 154.98)
--> Early stopping: 0/50 (BEST: 185.41)

->model saved<-
beta: 0.08
Epoch: 8/2000, Time elapsed: 34.59s
* Train loss: 38.84   (RE: 26.61, KL: 152.86)
o Val.  loss: 181.61   (RE: 25.98, KL: 155.63)
--> Early stopping: 0/50 (BEST: 183.61)

->model saved<-
beta: 0.09
Epoch: 9/2000, Time elapsed: 33.30s
* Train loss: 38.41   (RE: 24.79, KL: 151.27)
o Val.  loss: 180.41   (RE: 24.74, KL: 155.67)
--> Early stopping: 0/50 (BEST: 181.61)

->model saved<-
beta: 0.1
Epoch: 10/2000, Time elapsed: 33.72s
* Train loss: 38.43   (RE: 23.40, KL: 150.26)
o Val.  loss: 175.04   (RE: 23.32, KL: 151.72)
--> Early stopping: 0/50 (BEST: 180.41)

->model saved<-
beta: 0.11
Epoch: 11/2000, Time elapsed: 33.63s
* Train loss: 38.73   (RE: 22.44, KL: 148.08)
o Val.  loss: 169.00   (RE: 22.25, KL: 146.76)
--> Early stopping: 0/50 (BEST: 175.04)

->model saved<-
beta: 0.12
Epoch: 12/2000, Time elapsed: 33.92s
* Train loss: 39.17   (RE: 21.57, KL: 146.66)
o Val.  loss: 167.08   (RE: 21.70, KL: 145.38)
--> Early stopping: 0/50 (BEST: 169.00)

->model saved<-
beta: 0.13
Epoch: 13/2000, Time elapsed: 34.29s
* Train loss: 39.71   (RE: 20.94, KL: 144.40)
o Val.  loss: 170.02   (RE: 21.53, KL: 148.49)
--> Early stopping: 0/50 (BEST: 167.08)

beta: 0.14
Epoch: 14/2000, Time elapsed: 33.87s
* Train loss: 40.37   (RE: 20.45, KL: 142.29)
o Val.  loss: 162.98   (RE: 21.41, KL: 141.57)
--> Early stopping: 0/50 (BEST: 167.08)

->model saved<-
beta: 0.15
Epoch: 15/2000, Time elapsed: 34.20s
* Train loss: 41.20   (RE: 19.97, KL: 141.53)
o Val.  loss: 161.30   (RE: 20.80, KL: 140.50)
--> Early stopping: 0/50 (BEST: 162.98)

->model saved<-
beta: 0.16
Epoch: 16/2000, Time elapsed: 34.16s
* Train loss: 41.98   (RE: 19.81, KL: 138.52)
o Val.  loss: 157.60   (RE: 21.16, KL: 136.43)
--> Early stopping: 0/50 (BEST: 161.30)

->model saved<-
beta: 0.17
Epoch: 17/2000, Time elapsed: 33.09s
* Train loss: 42.81   (RE: 19.61, KL: 136.48)
o Val.  loss: 157.52   (RE: 20.74, KL: 136.79)
--> Early stopping: 0/50 (BEST: 157.60)

->model saved<-
beta: 0.18
Epoch: 18/2000, Time elapsed: 32.72s
* Train loss: 43.77   (RE: 19.49, KL: 134.88)
o Val.  loss: 154.04   (RE: 19.90, KL: 134.14)
--> Early stopping: 0/50 (BEST: 157.52)

->model saved<-
beta: 0.19
Epoch: 19/2000, Time elapsed: 33.97s
* Train loss: 44.61   (RE: 19.37, KL: 132.86)
o Val.  loss: 153.20   (RE: 20.70, KL: 132.50)
--> Early stopping: 0/50 (BEST: 154.04)

->model saved<-
beta: 0.2
Epoch: 20/2000, Time elapsed: 33.45s
* Train loss: 45.56   (RE: 19.51, KL: 130.23)
o Val.  loss: 149.91   (RE: 21.18, KL: 128.73)
--> Early stopping: 0/50 (BEST: 153.20)

->model saved<-
beta: 0.21
Epoch: 21/2000, Time elapsed: 34.33s
* Train loss: 46.48   (RE: 19.47, KL: 128.64)
o Val.  loss: 149.27   (RE: 20.26, KL: 129.01)
--> Early stopping: 0/50 (BEST: 149.91)

->model saved<-
beta: 0.22
Epoch: 22/2000, Time elapsed: 34.01s
* Train loss: 47.03   (RE: 19.65, KL: 124.47)
o Val.  loss: 143.11   (RE: 21.02, KL: 122.09)
--> Early stopping: 0/50 (BEST: 149.27)

->model saved<-
beta: 0.23
Epoch: 23/2000, Time elapsed: 33.33s
* Train loss: 47.24   (RE: 19.58, KL: 120.26)
o Val.  loss: 142.01   (RE: 20.42, KL: 121.59)
--> Early stopping: 0/50 (BEST: 143.11)

->model saved<-
beta: 0.24
Epoch: 24/2000, Time elapsed: 34.27s
* Train loss: 48.00   (RE: 19.67, KL: 118.05)
o Val.  loss: 138.37   (RE: 21.09, KL: 117.28)
--> Early stopping: 0/50 (BEST: 142.01)

->model saved<-
beta: 0.25
Epoch: 25/2000, Time elapsed: 33.27s
* Train loss: 48.75   (RE: 19.83, KL: 115.68)
o Val.  loss: 138.83   (RE: 20.64, KL: 118.19)
--> Early stopping: 0/50 (BEST: 138.37)

beta: 0.26
Epoch: 26/2000, Time elapsed: 34.29s
* Train loss: 49.59   (RE: 20.04, KL: 113.64)
o Val.  loss: 134.43   (RE: 21.59, KL: 112.84)
--> Early stopping: 0/50 (BEST: 138.37)

->model saved<-
beta: 0.27
Epoch: 27/2000, Time elapsed: 33.50s
* Train loss: 50.42   (RE: 20.17, KL: 112.02)
o Val.  loss: 134.42   (RE: 21.53, KL: 112.89)
--> Early stopping: 0/50 (BEST: 134.43)

->model saved<-
beta: 0.28
Epoch: 28/2000, Time elapsed: 34.17s
* Train loss: 51.12   (RE: 20.37, KL: 109.81)
o Val.  loss: 131.20   (RE: 21.95, KL: 109.24)
--> Early stopping: 0/50 (BEST: 134.42)

->model saved<-
beta: 0.29
Epoch: 29/2000, Time elapsed: 33.63s
* Train loss: 51.86   (RE: 20.49, KL: 108.18)
o Val.  loss: 131.39   (RE: 21.39, KL: 110.00)
--> Early stopping: 0/50 (BEST: 131.20)

beta: 0.3
Epoch: 30/2000, Time elapsed: 33.83s
* Train loss: 52.63   (RE: 20.81, KL: 106.06)
o Val.  loss: 128.14   (RE: 22.62, KL: 105.52)
--> Early stopping: 0/50 (BEST: 131.20)

->model saved<-
beta: 0.31
Epoch: 31/2000, Time elapsed: 34.36s
* Train loss: 53.37   (RE: 21.03, KL: 104.33)
o Val.  loss: 126.42   (RE: 22.36, KL: 104.06)
--> Early stopping: 0/50 (BEST: 128.14)

->model saved<-
beta: 0.32
Epoch: 32/2000, Time elapsed: 34.62s
* Train loss: 54.18   (RE: 21.27, KL: 102.85)
o Val.  loss: 127.03   (RE: 21.91, KL: 105.12)
--> Early stopping: 0/50 (BEST: 126.42)

beta: 0.33
Epoch: 33/2000, Time elapsed: 34.41s
* Train loss: 55.01   (RE: 21.71, KL: 100.90)
o Val.  loss: 125.50   (RE: 23.02, KL: 102.48)
--> Early stopping: 0/50 (BEST: 126.42)

->model saved<-
beta: 0.34
Epoch: 34/2000, Time elapsed: 32.91s
* Train loss: 55.80   (RE: 21.89, KL: 99.74)
o Val.  loss: 122.79   (RE: 23.72, KL: 99.07)
--> Early stopping: 0/50 (BEST: 125.50)

->model saved<-
beta: 0.35
Epoch: 35/2000, Time elapsed: 33.69s
* Train loss: 56.57   (RE: 22.19, KL: 98.24)
o Val.  loss: 122.44   (RE: 23.31, KL: 99.13)
--> Early stopping: 0/50 (BEST: 122.79)

->model saved<-
beta: 0.36
Epoch: 36/2000, Time elapsed: 33.87s
* Train loss: 57.31   (RE: 22.55, KL: 96.56)
o Val.  loss: 120.84   (RE: 24.25, KL: 96.59)
--> Early stopping: 0/50 (BEST: 122.44)

->model saved<-
beta: 0.37
Epoch: 37/2000, Time elapsed: 34.01s
* Train loss: 58.10   (RE: 22.81, KL: 95.37)
o Val.  loss: 119.38   (RE: 24.65, KL: 94.73)
--> Early stopping: 0/50 (BEST: 120.84)

->model saved<-
beta: 0.38
Epoch: 38/2000, Time elapsed: 32.61s
* Train loss: 58.86   (RE: 23.18, KL: 93.90)
o Val.  loss: 118.62   (RE: 24.75, KL: 93.87)
--> Early stopping: 0/50 (BEST: 119.38)

->model saved<-
beta: 0.39
Epoch: 39/2000, Time elapsed: 33.29s
* Train loss: 59.58   (RE: 23.67, KL: 92.08)
o Val.  loss: 117.47   (RE: 25.57, KL: 91.90)
--> Early stopping: 0/50 (BEST: 118.62)

->model saved<-
beta: 0.4
Epoch: 40/2000, Time elapsed: 33.77s
* Train loss: 60.38   (RE: 24.06, KL: 90.79)
o Val.  loss: 117.67   (RE: 25.26, KL: 92.41)
--> Early stopping: 0/50 (BEST: 117.47)

beta: 0.41
Epoch: 41/2000, Time elapsed: 34.09s
* Train loss: 61.07   (RE: 24.38, KL: 89.50)
o Val.  loss: 115.57   (RE: 26.44, KL: 89.13)
--> Early stopping: 0/50 (BEST: 117.47)

->model saved<-
beta: 0.42
Epoch: 42/2000, Time elapsed: 34.39s
* Train loss: 61.72   (RE: 24.76, KL: 87.99)
o Val.  loss: 114.41   (RE: 26.63, KL: 87.78)
--> Early stopping: 0/50 (BEST: 115.57)

->model saved<-
beta: 0.43
Epoch: 43/2000, Time elapsed: 33.57s
* Train loss: 62.30   (RE: 25.16, KL: 86.37)
o Val.  loss: 113.66   (RE: 26.50, KL: 87.16)
--> Early stopping: 0/50 (BEST: 114.41)

->model saved<-
beta: 0.44
Epoch: 44/2000, Time elapsed: 33.38s
* Train loss: 62.95   (RE: 25.54, KL: 85.01)
o Val.  loss: 112.10   (RE: 27.40, KL: 84.71)
--> Early stopping: 0/50 (BEST: 113.66)

->model saved<-
beta: 0.45
Epoch: 45/2000, Time elapsed: 33.15s
* Train loss: 63.59   (RE: 25.97, KL: 83.62)
o Val.  loss: 112.22   (RE: 27.04, KL: 85.18)
--> Early stopping: 0/50 (BEST: 112.10)

beta: 0.46
Epoch: 46/2000, Time elapsed: 33.22s
* Train loss: 64.27   (RE: 26.37, KL: 82.38)
o Val.  loss: 110.94   (RE: 28.15, KL: 82.80)
--> Early stopping: 0/50 (BEST: 112.10)

->model saved<-
beta: 0.47
Epoch: 47/2000, Time elapsed: 33.91s
* Train loss: 65.02   (RE: 26.91, KL: 81.08)
o Val.  loss: 110.50   (RE: 28.46, KL: 82.04)
--> Early stopping: 0/50 (BEST: 110.94)

->model saved<-
beta: 0.48
Epoch: 48/2000, Time elapsed: 33.95s
* Train loss: 65.68   (RE: 27.42, KL: 79.72)
o Val.  loss: 109.22   (RE: 29.15, KL: 80.07)
--> Early stopping: 0/50 (BEST: 110.50)

->model saved<-
beta: 0.49
Epoch: 49/2000, Time elapsed: 33.12s
* Train loss: 66.33   (RE: 27.94, KL: 78.34)
o Val.  loss: 108.56   (RE: 29.84, KL: 78.72)
--> Early stopping: 0/50 (BEST: 109.22)

->model saved<-
beta: 0.5
Epoch: 50/2000, Time elapsed: 34.16s
* Train loss: 66.84   (RE: 28.42, KL: 76.84)
o Val.  loss: 107.44   (RE: 29.80, KL: 77.64)
--> Early stopping: 0/50 (BEST: 108.56)

->model saved<-
beta: 0.51
Epoch: 51/2000, Time elapsed: 34.11s
* Train loss: 67.28   (RE: 28.90, KL: 75.27)
o Val.  loss: 105.91   (RE: 31.02, KL: 74.89)
--> Early stopping: 0/50 (BEST: 107.44)

->model saved<-
beta: 0.52
Epoch: 52/2000, Time elapsed: 33.55s
* Train loss: 67.74   (RE: 29.41, KL: 73.73)
o Val.  loss: 106.38   (RE: 30.45, KL: 75.93)
--> Early stopping: 0/50 (BEST: 105.91)

beta: 0.53
Epoch: 53/2000, Time elapsed: 33.66s
* Train loss: 68.24   (RE: 29.92, KL: 72.31)
o Val.  loss: 103.82   (RE: 32.04, KL: 71.79)
--> Early stopping: 0/50 (BEST: 105.91)

->model saved<-
beta: 0.54
Epoch: 54/2000, Time elapsed: 33.94s
* Train loss: 68.61   (RE: 30.42, KL: 70.72)
o Val.  loss: 103.01   (RE: 32.44, KL: 70.56)
--> Early stopping: 0/50 (BEST: 103.82)

->model saved<-
beta: 0.55
Epoch: 55/2000, Time elapsed: 34.31s
* Train loss: 68.91   (RE: 30.98, KL: 68.96)
o Val.  loss: 102.50   (RE: 32.68, KL: 69.82)
--> Early stopping: 0/50 (BEST: 103.01)

->model saved<-
beta: 0.56
Epoch: 56/2000, Time elapsed: 34.19s
* Train loss: 69.30   (RE: 31.42, KL: 67.64)
o Val.  loss: 100.67   (RE: 33.82, KL: 66.85)
--> Early stopping: 0/50 (BEST: 102.50)

->model saved<-
beta: 0.57
Epoch: 57/2000, Time elapsed: 33.88s
* Train loss: 69.81   (RE: 32.07, KL: 66.21)
o Val.  loss: 100.12   (RE: 34.16, KL: 65.95)
--> Early stopping: 0/50 (BEST: 100.67)

->model saved<-
beta: 0.58
Epoch: 58/2000, Time elapsed: 34.42s
* Train loss: 70.30   (RE: 32.61, KL: 64.99)
o Val.  loss: 100.03   (RE: 34.11, KL: 65.92)
--> Early stopping: 0/50 (BEST: 100.12)

->model saved<-
beta: 0.59
Epoch: 59/2000, Time elapsed: 33.79s
* Train loss: 70.79   (RE: 33.10, KL: 63.89)
o Val.  loss: 99.82   (RE: 34.20, KL: 65.62)
--> Early stopping: 0/50 (BEST: 100.03)

->model saved<-
beta: 0.6
Epoch: 60/2000, Time elapsed: 33.21s
* Train loss: 71.35   (RE: 33.73, KL: 62.69)
o Val.  loss: 98.87   (RE: 35.46, KL: 63.41)
--> Early stopping: 0/50 (BEST: 99.82)

->model saved<-
beta: 0.61
Epoch: 61/2000, Time elapsed: 34.29s
* Train loss: 71.80   (RE: 34.21, KL: 61.63)
o Val.  loss: 98.30   (RE: 35.90, KL: 62.40)
--> Early stopping: 0/50 (BEST: 98.87)

->model saved<-
beta: 0.62
Epoch: 62/2000, Time elapsed: 33.85s
* Train loss: 72.33   (RE: 34.77, KL: 60.59)
o Val.  loss: 97.43   (RE: 36.73, KL: 60.70)
--> Early stopping: 0/50 (BEST: 98.30)

->model saved<-
beta: 0.63
Epoch: 63/2000, Time elapsed: 34.24s
* Train loss: 72.82   (RE: 35.35, KL: 59.48)
o Val.  loss: 97.12   (RE: 37.23, KL: 59.89)
--> Early stopping: 0/50 (BEST: 97.43)

->model saved<-
beta: 0.64
Epoch: 64/2000, Time elapsed: 35.23s
* Train loss: 73.32   (RE: 35.92, KL: 58.44)
o Val.  loss: 96.79   (RE: 37.79, KL: 59.00)
--> Early stopping: 0/50 (BEST: 97.12)

->model saved<-
beta: 0.65
Epoch: 65/2000, Time elapsed: 34.46s
* Train loss: 73.81   (RE: 36.55, KL: 57.33)
o Val.  loss: 95.68   (RE: 38.82, KL: 56.85)
--> Early stopping: 0/50 (BEST: 96.79)

->model saved<-
beta: 0.66
Epoch: 66/2000, Time elapsed: 34.62s
* Train loss: 74.32   (RE: 37.21, KL: 56.23)
o Val.  loss: 95.81   (RE: 38.58, KL: 57.23)
--> Early stopping: 0/50 (BEST: 95.68)

beta: 0.67
Epoch: 67/2000, Time elapsed: 34.06s
* Train loss: 74.81   (RE: 37.83, KL: 55.20)
o Val.  loss: 95.51   (RE: 39.22, KL: 56.30)
--> Early stopping: 0/50 (BEST: 95.68)

->model saved<-
beta: 0.68
Epoch: 68/2000, Time elapsed: 34.43s
* Train loss: 75.24   (RE: 38.39, KL: 54.19)
o Val.  loss: 94.67   (RE: 41.06, KL: 53.61)
--> Early stopping: 0/50 (BEST: 95.51)

->model saved<-
beta: 0.69
Epoch: 69/2000, Time elapsed: 34.20s
* Train loss: 75.73   (RE: 39.02, KL: 53.21)
o Val.  loss: 94.47   (RE: 41.61, KL: 52.86)
--> Early stopping: 0/50 (BEST: 94.67)

->model saved<-
beta: 0.7
Epoch: 70/2000, Time elapsed: 33.39s
* Train loss: 76.20   (RE: 39.76, KL: 52.06)
o Val.  loss: 93.63   (RE: 41.91, KL: 51.72)
--> Early stopping: 0/50 (BEST: 94.47)

->model saved<-
beta: 0.71
Epoch: 71/2000, Time elapsed: 33.39s
* Train loss: 76.67   (RE: 40.39, KL: 51.10)
o Val.  loss: 93.76   (RE: 42.06, KL: 51.70)
--> Early stopping: 0/50 (BEST: 93.63)

beta: 0.72
Epoch: 72/2000, Time elapsed: 34.34s
* Train loss: 77.10   (RE: 41.03, KL: 50.11)
o Val.  loss: 93.78   (RE: 41.93, KL: 51.85)
--> Early stopping: 0/50 (BEST: 93.63)

beta: 0.73
Epoch: 73/2000, Time elapsed: 33.95s
* Train loss: 77.54   (RE: 41.67, KL: 49.14)
o Val.  loss: 93.02   (RE: 43.09, KL: 49.93)
--> Early stopping: 0/50 (BEST: 93.63)

->model saved<-
beta: 0.74
Epoch: 74/2000, Time elapsed: 33.40s
* Train loss: 77.95   (RE: 42.27, KL: 48.22)
o Val.  loss: 92.82   (RE: 43.97, KL: 48.84)
--> Early stopping: 0/50 (BEST: 93.02)

->model saved<-
beta: 0.75
Epoch: 75/2000, Time elapsed: 33.77s
* Train loss: 78.39   (RE: 43.01, KL: 47.17)
o Val.  loss: 92.20   (RE: 44.92, KL: 47.28)
--> Early stopping: 0/50 (BEST: 92.82)

->model saved<-
beta: 0.76
Epoch: 76/2000, Time elapsed: 34.17s
* Train loss: 78.77   (RE: 43.55, KL: 46.34)
o Val.  loss: 92.17   (RE: 45.25, KL: 46.92)
--> Early stopping: 0/50 (BEST: 92.20)

->model saved<-
beta: 0.77
Epoch: 77/2000, Time elapsed: 33.91s
* Train loss: 79.21   (RE: 44.25, KL: 45.40)
o Val.  loss: 91.44   (RE: 47.09, KL: 44.34)
--> Early stopping: 0/50 (BEST: 92.17)

->model saved<-
beta: 0.78
Epoch: 78/2000, Time elapsed: 34.20s
* Train loss: 79.62   (RE: 44.89, KL: 44.52)
o Val.  loss: 91.53   (RE: 46.23, KL: 45.29)
--> Early stopping: 0/50 (BEST: 91.44)

beta: 0.79
Epoch: 79/2000, Time elapsed: 34.02s
* Train loss: 79.96   (RE: 45.48, KL: 43.65)
o Val.  loss: 91.33   (RE: 46.74, KL: 44.58)
--> Early stopping: 0/50 (BEST: 91.44)

->model saved<-
beta: 0.8
Epoch: 80/2000, Time elapsed: 35.59s
* Train loss: 80.33   (RE: 46.05, KL: 42.85)
o Val.  loss: 90.67   (RE: 48.46, KL: 42.21)
--> Early stopping: 0/50 (BEST: 91.33)

->model saved<-
beta: 0.81
Epoch: 81/2000, Time elapsed: 35.95s
* Train loss: 80.73   (RE: 46.74, KL: 41.96)
o Val.  loss: 90.80   (RE: 47.94, KL: 42.87)
--> Early stopping: 0/50 (BEST: 90.67)

beta: 0.82
Epoch: 82/2000, Time elapsed: 35.50s
* Train loss: 81.10   (RE: 47.35, KL: 41.17)
o Val.  loss: 90.43   (RE: 48.92, KL: 41.51)
--> Early stopping: 0/50 (BEST: 90.67)

->model saved<-
beta: 0.83
Epoch: 83/2000, Time elapsed: 35.73s
* Train loss: 81.48   (RE: 47.91, KL: 40.44)
o Val.  loss: 90.13   (RE: 49.97, KL: 40.16)
--> Early stopping: 0/50 (BEST: 90.43)

->model saved<-
beta: 0.84
Epoch: 84/2000, Time elapsed: 36.35s
* Train loss: 81.80   (RE: 48.46, KL: 39.69)
o Val.  loss: 90.01   (RE: 50.59, KL: 39.42)
--> Early stopping: 0/50 (BEST: 90.13)

->model saved<-
beta: 0.85
Epoch: 85/2000, Time elapsed: 36.54s
* Train loss: 82.13   (RE: 48.95, KL: 39.04)
o Val.  loss: 89.76   (RE: 50.87, KL: 38.89)
--> Early stopping: 0/50 (BEST: 90.01)

->model saved<-
beta: 0.86
Epoch: 86/2000, Time elapsed: 36.26s
* Train loss: 82.44   (RE: 49.50, KL: 38.31)
o Val.  loss: 89.92   (RE: 50.68, KL: 39.24)
--> Early stopping: 0/50 (BEST: 89.76)

beta: 0.87
Epoch: 87/2000, Time elapsed: 35.97s
* Train loss: 82.76   (RE: 50.03, KL: 37.62)
o Val.  loss: 89.80   (RE: 51.63, KL: 38.17)
--> Early stopping: 0/50 (BEST: 89.76)

beta: 0.88
Epoch: 88/2000, Time elapsed: 35.76s
* Train loss: 83.09   (RE: 50.47, KL: 37.06)
o Val.  loss: 89.65   (RE: 52.47, KL: 37.19)
--> Early stopping: 0/50 (BEST: 89.76)

->model saved<-
beta: 0.89
Epoch: 89/2000, Time elapsed: 36.41s
* Train loss: 83.42   (RE: 50.99, KL: 36.44)
o Val.  loss: 89.26   (RE: 53.05, KL: 36.20)
--> Early stopping: 0/50 (BEST: 89.65)

->model saved<-
beta: 0.9
Epoch: 90/2000, Time elapsed: 36.26s
* Train loss: 83.73   (RE: 51.48, KL: 35.84)
o Val.  loss: 89.33   (RE: 52.48, KL: 36.86)
--> Early stopping: 0/50 (BEST: 89.26)

beta: 0.91
Epoch: 91/2000, Time elapsed: 35.72s
* Train loss: 84.01   (RE: 51.94, KL: 35.24)
o Val.  loss: 89.31   (RE: 53.43, KL: 35.88)
--> Early stopping: 0/50 (BEST: 89.26)

beta: 0.92
Epoch: 92/2000, Time elapsed: 35.96s
* Train loss: 84.30   (RE: 52.39, KL: 34.68)
o Val.  loss: 88.82   (RE: 53.79, KL: 35.03)
--> Early stopping: 0/50 (BEST: 89.26)

->model saved<-
beta: 0.93
Epoch: 93/2000, Time elapsed: 35.73s
* Train loss: 84.57   (RE: 52.75, KL: 34.21)
o Val.  loss: 88.88   (RE: 53.71, KL: 35.17)
--> Early stopping: 0/50 (BEST: 88.82)

beta: 0.94
Epoch: 94/2000, Time elapsed: 35.82s
* Train loss: 84.85   (RE: 53.14, KL: 33.73)
o Val.  loss: 88.69   (RE: 55.11, KL: 33.58)
--> Early stopping: 0/50 (BEST: 88.82)

->model saved<-
beta: 0.95
Epoch: 95/2000, Time elapsed: 36.02s
* Train loss: 85.12   (RE: 53.52, KL: 33.27)
o Val.  loss: 88.95   (RE: 54.19, KL: 34.76)
--> Early stopping: 0/50 (BEST: 88.69)

beta: 0.96
Epoch: 96/2000, Time elapsed: 35.77s
* Train loss: 85.43   (RE: 53.88, KL: 32.86)
o Val.  loss: 88.41   (RE: 54.72, KL: 33.69)
--> Early stopping: 0/50 (BEST: 88.69)

->model saved<-
beta: 0.97
Epoch: 97/2000, Time elapsed: 34.79s
* Train loss: 85.68   (RE: 54.28, KL: 32.37)
o Val.  loss: 88.61   (RE: 56.21, KL: 32.40)
--> Early stopping: 0/50 (BEST: 88.41)

beta: 0.98
Epoch: 98/2000, Time elapsed: 35.35s
* Train loss: 85.92   (RE: 54.58, KL: 31.98)
o Val.  loss: 88.41   (RE: 56.39, KL: 32.02)
--> Early stopping: 0/50 (BEST: 88.41)

->model saved<-
beta: 0.99
Epoch: 99/2000, Time elapsed: 35.76s
* Train loss: 86.19   (RE: 54.95, KL: 31.56)
o Val.  loss: 88.62   (RE: 56.03, KL: 32.59)
--> Early stopping: 0/50 (BEST: 88.41)

beta: 1.0
Epoch: 100/2000, Time elapsed: 35.83s
* Train loss: 86.46   (RE: 55.26, KL: 31.20)
o Val.  loss: 88.25   (RE: 56.73, KL: 31.52)
--> Early stopping: 0/50 (BEST: 88.41)

->model saved<-
beta: 1.0
Epoch: 101/2000, Time elapsed: 35.34s
* Train loss: 86.36   (RE: 55.33, KL: 31.03)
o Val.  loss: 88.18   (RE: 56.59, KL: 31.59)
--> Early stopping: 0/50 (BEST: 88.25)

->model saved<-
beta: 1.0
Epoch: 102/2000, Time elapsed: 35.82s
* Train loss: 86.32   (RE: 55.41, KL: 30.90)
o Val.  loss: 88.21   (RE: 57.00, KL: 31.21)
--> Early stopping: 0/50 (BEST: 88.18)

beta: 1.0
Epoch: 103/2000, Time elapsed: 35.75s
* Train loss: 86.26   (RE: 55.47, KL: 30.79)
o Val.  loss: 88.29   (RE: 56.72, KL: 31.57)
--> Early stopping: 1/50 (BEST: 88.18)

beta: 1.0
Epoch: 104/2000, Time elapsed: 35.71s
* Train loss: 86.22   (RE: 55.48, KL: 30.74)
o Val.  loss: 88.13   (RE: 57.22, KL: 30.91)
--> Early stopping: 2/50 (BEST: 88.18)

->model saved<-
beta: 1.0
Epoch: 105/2000, Time elapsed: 36.48s
* Train loss: 86.17   (RE: 55.52, KL: 30.66)
o Val.  loss: 88.12   (RE: 56.87, KL: 31.25)
--> Early stopping: 0/50 (BEST: 88.13)

->model saved<-
beta: 1.0
Epoch: 106/2000, Time elapsed: 36.54s
* Train loss: 86.10   (RE: 55.52, KL: 30.58)
o Val.  loss: 87.98   (RE: 57.00, KL: 30.97)
--> Early stopping: 0/50 (BEST: 88.12)

->model saved<-
beta: 1.0
Epoch: 107/2000, Time elapsed: 35.58s
* Train loss: 85.99   (RE: 55.52, KL: 30.47)
o Val.  loss: 87.84   (RE: 57.49, KL: 30.35)
--> Early stopping: 0/50 (BEST: 87.98)

->model saved<-
beta: 1.0
Epoch: 108/2000, Time elapsed: 35.24s
* Train loss: 85.96   (RE: 55.56, KL: 30.40)
o Val.  loss: 87.93   (RE: 57.48, KL: 30.45)
--> Early stopping: 0/50 (BEST: 87.84)

beta: 1.0
Epoch: 109/2000, Time elapsed: 35.36s
* Train loss: 85.91   (RE: 55.55, KL: 30.36)
o Val.  loss: 87.87   (RE: 57.22, KL: 30.66)
--> Early stopping: 1/50 (BEST: 87.84)

beta: 1.0
Epoch: 110/2000, Time elapsed: 35.69s
* Train loss: 85.84   (RE: 55.55, KL: 30.29)
o Val.  loss: 87.97   (RE: 57.30, KL: 30.67)
--> Early stopping: 2/50 (BEST: 87.84)

beta: 1.0
Epoch: 111/2000, Time elapsed: 35.98s
* Train loss: 85.79   (RE: 55.57, KL: 30.22)
o Val.  loss: 87.74   (RE: 57.80, KL: 29.94)
--> Early stopping: 3/50 (BEST: 87.84)

->model saved<-
beta: 1.0
Epoch: 112/2000, Time elapsed: 35.61s
* Train loss: 85.73   (RE: 55.56, KL: 30.17)
o Val.  loss: 87.63   (RE: 57.58, KL: 30.04)
--> Early stopping: 0/50 (BEST: 87.74)

->model saved<-
beta: 1.0
Epoch: 113/2000, Time elapsed: 35.78s
* Train loss: 85.69   (RE: 55.58, KL: 30.10)
o Val.  loss: 87.77   (RE: 57.63, KL: 30.14)
--> Early stopping: 0/50 (BEST: 87.63)

beta: 1.0
Epoch: 114/2000, Time elapsed: 35.77s
* Train loss: 85.64   (RE: 55.56, KL: 30.08)
o Val.  loss: 87.93   (RE: 56.95, KL: 30.97)
--> Early stopping: 1/50 (BEST: 87.63)

beta: 1.0
Epoch: 115/2000, Time elapsed: 35.71s
* Train loss: 85.59   (RE: 55.59, KL: 30.00)
o Val.  loss: 87.72   (RE: 57.19, KL: 30.53)
--> Early stopping: 2/50 (BEST: 87.63)

beta: 1.0
Epoch: 116/2000, Time elapsed: 36.02s
* Train loss: 85.54   (RE: 55.54, KL: 30.00)
o Val.  loss: 87.59   (RE: 56.83, KL: 30.76)
--> Early stopping: 3/50 (BEST: 87.63)

->model saved<-
beta: 1.0
Epoch: 117/2000, Time elapsed: 35.97s
* Train loss: 85.51   (RE: 55.50, KL: 30.01)
o Val.  loss: 87.71   (RE: 57.55, KL: 30.15)
--> Early stopping: 0/50 (BEST: 87.59)

beta: 1.0
Epoch: 118/2000, Time elapsed: 35.70s
* Train loss: 85.42   (RE: 55.51, KL: 29.91)
o Val.  loss: 87.63   (RE: 57.36, KL: 30.27)
--> Early stopping: 1/50 (BEST: 87.59)

beta: 1.0
Epoch: 119/2000, Time elapsed: 35.70s
* Train loss: 85.39   (RE: 55.46, KL: 29.93)
o Val.  loss: 87.60   (RE: 56.94, KL: 30.66)
--> Early stopping: 2/50 (BEST: 87.59)

beta: 1.0
Epoch: 120/2000, Time elapsed: 35.76s
* Train loss: 85.33   (RE: 55.46, KL: 29.87)
o Val.  loss: 87.66   (RE: 57.71, KL: 29.94)
--> Early stopping: 3/50 (BEST: 87.59)

beta: 1.0
Epoch: 121/2000, Time elapsed: 35.83s
* Train loss: 85.29   (RE: 55.47, KL: 29.83)
o Val.  loss: 87.65   (RE: 56.99, KL: 30.66)
--> Early stopping: 4/50 (BEST: 87.59)

beta: 1.0
Epoch: 122/2000, Time elapsed: 35.71s
* Train loss: 85.24   (RE: 55.46, KL: 29.78)
o Val.  loss: 87.60   (RE: 57.89, KL: 29.71)
--> Early stopping: 5/50 (BEST: 87.59)

beta: 1.0
Epoch: 123/2000, Time elapsed: 35.78s
* Train loss: 85.21   (RE: 55.44, KL: 29.77)
o Val.  loss: 87.73   (RE: 57.15, KL: 30.57)
--> Early stopping: 6/50 (BEST: 87.59)

beta: 1.0
Epoch: 124/2000, Time elapsed: 35.72s
* Train loss: 85.16   (RE: 55.43, KL: 29.73)
o Val.  loss: 87.57   (RE: 57.21, KL: 30.36)
--> Early stopping: 7/50 (BEST: 87.59)

->model saved<-
beta: 1.0
Epoch: 125/2000, Time elapsed: 35.77s
* Train loss: 85.09   (RE: 55.37, KL: 29.72)
o Val.  loss: 87.50   (RE: 56.99, KL: 30.51)
--> Early stopping: 0/50 (BEST: 87.57)

->model saved<-
beta: 1.0
Epoch: 126/2000, Time elapsed: 35.98s
* Train loss: 85.06   (RE: 55.38, KL: 29.68)
o Val.  loss: 87.41   (RE: 57.10, KL: 30.31)
--> Early stopping: 0/50 (BEST: 87.50)

->model saved<-
beta: 1.0
Epoch: 127/2000, Time elapsed: 36.08s
* Train loss: 85.01   (RE: 55.36, KL: 29.65)
o Val.  loss: 87.50   (RE: 57.40, KL: 30.10)
--> Early stopping: 0/50 (BEST: 87.41)

beta: 1.0
Epoch: 128/2000, Time elapsed: 35.58s
* Train loss: 84.96   (RE: 55.32, KL: 29.64)
o Val.  loss: 87.50   (RE: 57.11, KL: 30.39)
--> Early stopping: 1/50 (BEST: 87.41)

beta: 1.0
Epoch: 129/2000, Time elapsed: 35.73s
* Train loss: 84.91   (RE: 55.25, KL: 29.66)
o Val.  loss: 87.48   (RE: 57.71, KL: 29.77)
--> Early stopping: 2/50 (BEST: 87.41)

beta: 1.0
Epoch: 130/2000, Time elapsed: 35.89s
* Train loss: 84.87   (RE: 55.30, KL: 29.57)
o Val.  loss: 87.44   (RE: 57.32, KL: 30.12)
--> Early stopping: 3/50 (BEST: 87.41)

beta: 1.0
Epoch: 131/2000, Time elapsed: 35.71s
* Train loss: 84.85   (RE: 55.29, KL: 29.56)
o Val.  loss: 87.50   (RE: 56.97, KL: 30.53)
--> Early stopping: 4/50 (BEST: 87.41)

beta: 1.0
Epoch: 132/2000, Time elapsed: 35.96s
* Train loss: 84.81   (RE: 55.29, KL: 29.52)
o Val.  loss: 87.40   (RE: 57.63, KL: 29.77)
--> Early stopping: 5/50 (BEST: 87.41)

->model saved<-
beta: 1.0
Epoch: 133/2000, Time elapsed: 35.60s
* Train loss: 84.76   (RE: 55.20, KL: 29.56)
o Val.  loss: 87.36   (RE: 57.46, KL: 29.90)
--> Early stopping: 0/50 (BEST: 87.40)

->model saved<-
beta: 1.0
Epoch: 134/2000, Time elapsed: 35.89s
* Train loss: 84.71   (RE: 55.19, KL: 29.51)
o Val.  loss: 87.38   (RE: 57.10, KL: 30.28)
--> Early stopping: 0/50 (BEST: 87.36)

beta: 1.0
Epoch: 135/2000, Time elapsed: 35.70s
* Train loss: 84.67   (RE: 55.17, KL: 29.50)
o Val.  loss: 87.34   (RE: 57.75, KL: 29.60)
--> Early stopping: 1/50 (BEST: 87.36)

->model saved<-
beta: 1.0
Epoch: 136/2000, Time elapsed: 35.74s
* Train loss: 84.63   (RE: 55.18, KL: 29.46)
o Val.  loss: 87.29   (RE: 56.89, KL: 30.40)
--> Early stopping: 0/50 (BEST: 87.34)

->model saved<-
beta: 1.0
Epoch: 137/2000, Time elapsed: 35.85s
* Train loss: 84.58   (RE: 55.10, KL: 29.48)
o Val.  loss: 87.29   (RE: 56.81, KL: 30.48)
--> Early stopping: 0/50 (BEST: 87.29)

beta: 1.0
Epoch: 138/2000, Time elapsed: 35.88s
* Train loss: 84.52   (RE: 55.09, KL: 29.43)
o Val.  loss: 87.60   (RE: 57.30, KL: 30.30)
--> Early stopping: 1/50 (BEST: 87.29)

beta: 1.0
Epoch: 139/2000, Time elapsed: 35.67s
* Train loss: 84.50   (RE: 55.07, KL: 29.43)
o Val.  loss: 87.48   (RE: 57.65, KL: 29.83)
--> Early stopping: 2/50 (BEST: 87.29)

beta: 1.0
Epoch: 140/2000, Time elapsed: 35.70s
* Train loss: 84.46   (RE: 55.06, KL: 29.40)
o Val.  loss: 87.34   (RE: 57.51, KL: 29.83)
--> Early stopping: 3/50 (BEST: 87.29)

beta: 1.0
Epoch: 141/2000, Time elapsed: 35.70s
* Train loss: 84.43   (RE: 55.02, KL: 29.41)
o Val.  loss: 87.43   (RE: 57.41, KL: 30.02)
--> Early stopping: 4/50 (BEST: 87.29)

beta: 1.0
Epoch: 142/2000, Time elapsed: 35.71s
* Train loss: 84.39   (RE: 55.00, KL: 29.40)
o Val.  loss: 87.38   (RE: 57.34, KL: 30.04)
--> Early stopping: 5/50 (BEST: 87.29)

beta: 1.0
Epoch: 143/2000, Time elapsed: 36.37s
* Train loss: 84.35   (RE: 54.96, KL: 29.39)
o Val.  loss: 87.38   (RE: 57.40, KL: 29.97)
--> Early stopping: 6/50 (BEST: 87.29)

beta: 1.0
Epoch: 144/2000, Time elapsed: 36.02s
* Train loss: 84.27   (RE: 54.92, KL: 29.35)
o Val.  loss: 87.35   (RE: 57.37, KL: 29.98)
--> Early stopping: 7/50 (BEST: 87.29)

beta: 1.0
Epoch: 145/2000, Time elapsed: 35.71s
* Train loss: 84.27   (RE: 54.92, KL: 29.35)
o Val.  loss: 87.23   (RE: 57.34, KL: 29.89)
--> Early stopping: 8/50 (BEST: 87.29)

->model saved<-
beta: 1.0
Epoch: 146/2000, Time elapsed: 35.78s
* Train loss: 84.21   (RE: 54.88, KL: 29.32)
o Val.  loss: 87.36   (RE: 57.48, KL: 29.88)
--> Early stopping: 0/50 (BEST: 87.23)

beta: 1.0
Epoch: 147/2000, Time elapsed: 35.90s
* Train loss: 84.17   (RE: 54.84, KL: 29.33)
o Val.  loss: 87.21   (RE: 57.59, KL: 29.61)
--> Early stopping: 1/50 (BEST: 87.23)

->model saved<-
beta: 1.0
Epoch: 148/2000, Time elapsed: 36.04s
* Train loss: 84.12   (RE: 54.84, KL: 29.28)
o Val.  loss: 87.16   (RE: 57.75, KL: 29.41)
--> Early stopping: 0/50 (BEST: 87.21)

->model saved<-
beta: 1.0
Epoch: 149/2000, Time elapsed: 35.71s
* Train loss: 84.11   (RE: 54.82, KL: 29.29)
o Val.  loss: 87.29   (RE: 57.14, KL: 30.14)
--> Early stopping: 0/50 (BEST: 87.16)

beta: 1.0
Epoch: 150/2000, Time elapsed: 35.70s
* Train loss: 84.09   (RE: 54.83, KL: 29.27)
o Val.  loss: 87.31   (RE: 57.29, KL: 30.02)
--> Early stopping: 1/50 (BEST: 87.16)

beta: 1.0
Epoch: 151/2000, Time elapsed: 35.70s
* Train loss: 84.01   (RE: 54.70, KL: 29.31)
o Val.  loss: 87.30   (RE: 57.42, KL: 29.88)
--> Early stopping: 2/50 (BEST: 87.16)

beta: 1.0
Epoch: 152/2000, Time elapsed: 35.69s
* Train loss: 83.98   (RE: 54.67, KL: 29.31)
o Val.  loss: 87.21   (RE: 57.43, KL: 29.78)
--> Early stopping: 3/50 (BEST: 87.16)

beta: 1.0
Epoch: 153/2000, Time elapsed: 35.89s
* Train loss: 83.94   (RE: 54.67, KL: 29.27)
o Val.  loss: 87.50   (RE: 57.23, KL: 30.27)
--> Early stopping: 4/50 (BEST: 87.16)

beta: 1.0
Epoch: 154/2000, Time elapsed: 35.43s
* Train loss: 83.91   (RE: 54.63, KL: 29.28)
o Val.  loss: 87.23   (RE: 57.41, KL: 29.82)
--> Early stopping: 5/50 (BEST: 87.16)

beta: 1.0
Epoch: 155/2000, Time elapsed: 36.08s
* Train loss: 83.89   (RE: 54.62, KL: 29.27)
o Val.  loss: 87.36   (RE: 57.60, KL: 29.76)
--> Early stopping: 6/50 (BEST: 87.16)

beta: 1.0
Epoch: 156/2000, Time elapsed: 35.61s
* Train loss: 83.84   (RE: 54.57, KL: 29.27)
o Val.  loss: 87.41   (RE: 57.46, KL: 29.95)
--> Early stopping: 7/50 (BEST: 87.16)

beta: 1.0
Epoch: 157/2000, Time elapsed: 35.59s
* Train loss: 83.82   (RE: 54.58, KL: 29.23)
o Val.  loss: 87.37   (RE: 57.10, KL: 30.27)
--> Early stopping: 8/50 (BEST: 87.16)

beta: 1.0
Epoch: 158/2000, Time elapsed: 35.26s
* Train loss: 83.76   (RE: 54.53, KL: 29.23)
o Val.  loss: 87.38   (RE: 57.11, KL: 30.27)
--> Early stopping: 9/50 (BEST: 87.16)

beta: 1.0
Epoch: 159/2000, Time elapsed: 36.18s
* Train loss: 83.75   (RE: 54.51, KL: 29.24)
o Val.  loss: 87.17   (RE: 57.54, KL: 29.62)
--> Early stopping: 10/50 (BEST: 87.16)

beta: 1.0
Epoch: 160/2000, Time elapsed: 36.17s
* Train loss: 83.70   (RE: 54.51, KL: 29.20)
o Val.  loss: 87.23   (RE: 57.29, KL: 29.94)
--> Early stopping: 11/50 (BEST: 87.16)

beta: 1.0
Epoch: 161/2000, Time elapsed: 36.18s
* Train loss: 83.67   (RE: 54.46, KL: 29.21)
o Val.  loss: 87.28   (RE: 57.25, KL: 30.03)
--> Early stopping: 12/50 (BEST: 87.16)

beta: 1.0
Epoch: 162/2000, Time elapsed: 35.62s
* Train loss: 83.61   (RE: 54.40, KL: 29.21)
o Val.  loss: 87.20   (RE: 57.22, KL: 29.98)
--> Early stopping: 13/50 (BEST: 87.16)

beta: 1.0
Epoch: 163/2000, Time elapsed: 35.59s
* Train loss: 83.58   (RE: 54.38, KL: 29.20)
o Val.  loss: 87.29   (RE: 57.35, KL: 29.95)
--> Early stopping: 14/50 (BEST: 87.16)

beta: 1.0
Epoch: 164/2000, Time elapsed: 36.03s
* Train loss: 83.53   (RE: 54.36, KL: 29.17)
o Val.  loss: 87.27   (RE: 57.94, KL: 29.33)
--> Early stopping: 15/50 (BEST: 87.16)

beta: 1.0
Epoch: 165/2000, Time elapsed: 35.66s
* Train loss: 83.50   (RE: 54.30, KL: 29.21)
o Val.  loss: 87.24   (RE: 57.92, KL: 29.33)
--> Early stopping: 16/50 (BEST: 87.16)

beta: 1.0
Epoch: 166/2000, Time elapsed: 36.32s
* Train loss: 83.47   (RE: 54.30, KL: 29.17)
o Val.  loss: 87.18   (RE: 57.31, KL: 29.87)
--> Early stopping: 17/50 (BEST: 87.16)

beta: 1.0
Epoch: 167/2000, Time elapsed: 35.60s
* Train loss: 83.48   (RE: 54.28, KL: 29.20)
o Val.  loss: 87.25   (RE: 57.58, KL: 29.67)
--> Early stopping: 18/50 (BEST: 87.16)

beta: 1.0
Epoch: 168/2000, Time elapsed: 35.59s
* Train loss: 83.43   (RE: 54.24, KL: 29.19)
o Val.  loss: 87.32   (RE: 57.54, KL: 29.78)
--> Early stopping: 19/50 (BEST: 87.16)

beta: 1.0
Epoch: 169/2000, Time elapsed: 35.73s
* Train loss: 83.39   (RE: 54.21, KL: 29.18)
o Val.  loss: 87.39   (RE: 57.74, KL: 29.66)
--> Early stopping: 20/50 (BEST: 87.16)

beta: 1.0
Epoch: 170/2000, Time elapsed: 35.01s
* Train loss: 83.33   (RE: 54.14, KL: 29.19)
o Val.  loss: 87.26   (RE: 57.61, KL: 29.65)
--> Early stopping: 21/50 (BEST: 87.16)

beta: 1.0
Epoch: 171/2000, Time elapsed: 36.36s
* Train loss: 83.30   (RE: 54.12, KL: 29.18)
o Val.  loss: 87.17   (RE: 57.25, KL: 29.92)
--> Early stopping: 22/50 (BEST: 87.16)

beta: 1.0
Epoch: 172/2000, Time elapsed: 35.90s
* Train loss: 83.25   (RE: 54.09, KL: 29.16)
o Val.  loss: 87.42   (RE: 57.68, KL: 29.74)
--> Early stopping: 23/50 (BEST: 87.16)

beta: 1.0
Epoch: 173/2000, Time elapsed: 35.52s
* Train loss: 83.23   (RE: 54.07, KL: 29.16)
o Val.  loss: 87.33   (RE: 57.90, KL: 29.43)
--> Early stopping: 24/50 (BEST: 87.16)

beta: 1.0
Epoch: 174/2000, Time elapsed: 36.07s
* Train loss: 83.21   (RE: 54.05, KL: 29.16)
o Val.  loss: 87.43   (RE: 57.13, KL: 30.30)
--> Early stopping: 25/50 (BEST: 87.16)

beta: 1.0
Epoch: 175/2000, Time elapsed: 35.71s
* Train loss: 83.18   (RE: 54.02, KL: 29.16)
o Val.  loss: 87.39   (RE: 57.16, KL: 30.23)
--> Early stopping: 26/50 (BEST: 87.16)

beta: 1.0
Epoch: 176/2000, Time elapsed: 35.79s
* Train loss: 83.12   (RE: 53.96, KL: 29.16)
o Val.  loss: 87.46   (RE: 58.14, KL: 29.32)
--> Early stopping: 27/50 (BEST: 87.16)

beta: 1.0
Epoch: 177/2000, Time elapsed: 35.77s
* Train loss: 83.13   (RE: 53.96, KL: 29.17)
o Val.  loss: 87.26   (RE: 57.37, KL: 29.89)
--> Early stopping: 28/50 (BEST: 87.16)

beta: 1.0
Epoch: 178/2000, Time elapsed: 35.75s
* Train loss: 83.10   (RE: 53.93, KL: 29.17)
o Val.  loss: 87.35   (RE: 57.99, KL: 29.35)
--> Early stopping: 29/50 (BEST: 87.16)

beta: 1.0
Epoch: 179/2000, Time elapsed: 35.68s
* Train loss: 83.04   (RE: 53.89, KL: 29.15)
o Val.  loss: 87.39   (RE: 57.53, KL: 29.85)
--> Early stopping: 30/50 (BEST: 87.16)

beta: 1.0
Epoch: 180/2000, Time elapsed: 35.98s
* Train loss: 83.02   (RE: 53.86, KL: 29.17)
o Val.  loss: 87.39   (RE: 57.77, KL: 29.62)
--> Early stopping: 31/50 (BEST: 87.16)

beta: 1.0
Epoch: 181/2000, Time elapsed: 35.95s
* Train loss: 82.98   (RE: 53.85, KL: 29.13)
o Val.  loss: 87.45   (RE: 57.25, KL: 30.20)
--> Early stopping: 32/50 (BEST: 87.16)

beta: 1.0
Epoch: 182/2000, Time elapsed: 35.78s
* Train loss: 82.92   (RE: 53.78, KL: 29.14)
o Val.  loss: 87.32   (RE: 58.15, KL: 29.17)
--> Early stopping: 33/50 (BEST: 87.16)

beta: 1.0
Epoch: 183/2000, Time elapsed: 35.70s
* Train loss: 82.93   (RE: 53.73, KL: 29.19)
o Val.  loss: 87.54   (RE: 57.48, KL: 30.06)
--> Early stopping: 34/50 (BEST: 87.16)

beta: 1.0
Epoch: 184/2000, Time elapsed: 35.69s
* Train loss: 82.89   (RE: 53.72, KL: 29.17)
o Val.  loss: 87.52   (RE: 57.80, KL: 29.72)
--> Early stopping: 35/50 (BEST: 87.16)

beta: 1.0
Epoch: 185/2000, Time elapsed: 35.87s
* Train loss: 82.89   (RE: 53.75, KL: 29.14)
o Val.  loss: 87.51   (RE: 57.73, KL: 29.78)
--> Early stopping: 36/50 (BEST: 87.16)

beta: 1.0
Epoch: 186/2000, Time elapsed: 35.62s
* Train loss: 82.83   (RE: 53.67, KL: 29.16)
o Val.  loss: 87.36   (RE: 58.06, KL: 29.30)
--> Early stopping: 37/50 (BEST: 87.16)

beta: 1.0
Epoch: 187/2000, Time elapsed: 35.78s
* Train loss: 82.79   (RE: 53.64, KL: 29.15)
o Val.  loss: 87.70   (RE: 58.02, KL: 29.67)
--> Early stopping: 38/50 (BEST: 87.16)

beta: 1.0
Epoch: 188/2000, Time elapsed: 35.94s
* Train loss: 82.76   (RE: 53.62, KL: 29.13)
o Val.  loss: 87.58   (RE: 57.57, KL: 30.01)
--> Early stopping: 39/50 (BEST: 87.16)

beta: 1.0
Epoch: 189/2000, Time elapsed: 35.79s
* Train loss: 82.70   (RE: 53.57, KL: 29.13)
o Val.  loss: 87.57   (RE: 57.51, KL: 30.06)
--> Early stopping: 40/50 (BEST: 87.16)

beta: 1.0
Epoch: 190/2000, Time elapsed: 35.90s
* Train loss: 82.71   (RE: 53.56, KL: 29.15)
o Val.  loss: 87.45   (RE: 57.41, KL: 30.04)
--> Early stopping: 41/50 (BEST: 87.16)

beta: 1.0
Epoch: 191/2000, Time elapsed: 35.41s
* Train loss: 82.66   (RE: 53.53, KL: 29.13)
o Val.  loss: 87.33   (RE: 57.61, KL: 29.72)
--> Early stopping: 42/50 (BEST: 87.16)

beta: 1.0
Epoch: 192/2000, Time elapsed: 35.58s
* Train loss: 82.64   (RE: 53.50, KL: 29.14)
o Val.  loss: 87.58   (RE: 57.71, KL: 29.86)
--> Early stopping: 43/50 (BEST: 87.16)

beta: 1.0
Epoch: 193/2000, Time elapsed: 35.41s
* Train loss: 82.58   (RE: 53.43, KL: 29.15)
o Val.  loss: 87.41   (RE: 57.83, KL: 29.59)
--> Early stopping: 44/50 (BEST: 87.16)

beta: 1.0
Epoch: 194/2000, Time elapsed: 35.60s
* Train loss: 82.60   (RE: 53.44, KL: 29.16)
o Val.  loss: 87.55   (RE: 57.78, KL: 29.77)
--> Early stopping: 45/50 (BEST: 87.16)

beta: 1.0
Epoch: 195/2000, Time elapsed: 35.61s
* Train loss: 82.58   (RE: 53.42, KL: 29.16)
o Val.  loss: 87.49   (RE: 57.87, KL: 29.62)
--> Early stopping: 46/50 (BEST: 87.16)

beta: 1.0
Epoch: 196/2000, Time elapsed: 35.80s
* Train loss: 82.51   (RE: 53.36, KL: 29.15)
o Val.  loss: 87.63   (RE: 57.71, KL: 29.92)
--> Early stopping: 47/50 (BEST: 87.16)

beta: 1.0
Epoch: 197/2000, Time elapsed: 35.61s
* Train loss: 82.51   (RE: 53.38, KL: 29.14)
o Val.  loss: 87.51   (RE: 57.40, KL: 30.11)
--> Early stopping: 48/50 (BEST: 87.16)

beta: 1.0
Epoch: 198/2000, Time elapsed: 35.58s
* Train loss: 82.44   (RE: 53.30, KL: 29.14)
o Val.  loss: 87.67   (RE: 58.18, KL: 29.49)
--> Early stopping: 49/50 (BEST: 87.16)

beta: 1.0
Epoch: 199/2000, Time elapsed: 35.60s
* Train loss: 82.44   (RE: 53.28, KL: 29.16)
o Val.  loss: 87.57   (RE: 57.90, KL: 29.66)
--> Early stopping: 50/50 (BEST: 87.16)

Test lower-bound value 86.68 in time: 1.86s
Train lower-bound value 0.00 in time: 0.00s
0.00%
1.00%
2.00%
3.00%
4.00%
5.00%
6.00%
7.00%
8.00%
9.00%
10.00%
11.00%
12.00%
13.00%
14.00%
15.00%
16.00%
17.00%
18.00%
19.00%
20.00%
21.00%
22.00%
23.00%
24.00%
25.00%
26.00%
27.00%
28.00%
29.00%
30.00%
31.00%
32.00%
33.00%
34.00%
35.00%
36.00%
37.00%
38.00%
39.00%
40.00%
41.00%
42.00%
43.00%
44.00%
45.00%
46.00%
47.00%
48.00%
49.00%
50.00%
51.00%
52.00%
53.00%
54.00%
55.00%
56.00%
57.00%
58.00%
59.00%
60.00%
61.00%
62.00%
63.00%
64.00%
65.00%
Traceback (most recent call last):
  File "/root/vae_vampprior/experiment.py", line 206, in <module>
    run(args, kwargs)
  File "/root/vae_vampprior/experiment.py", line 174, in run
    experiment_vae(args, train_loader, val_loader, test_loader, model, optimizer, dir, model_name = args.model_name)
  File "/root/vae_vampprior/utils/perform_experiment.py", line 79, in experiment_vae
    test_loss, test_re, test_kl, test_log_likelihood, train_log_likelihood, test_elbo, train_elbo = evaluate(args, best_model, train_loader, test_loader, 9999, dir, mode='test')
                                                                                                    ^^^^^^^^^^^^^^^^^^^^^^^^^^^^^^^^^^^^^^^^^^^^^^^^^^^^^^^^^^^^^^^^^^^^^^^^^^^^^
  File "/root/vae_vampprior/utils/evaluation.py", line 119, in evaluate_vae
    log_likelihood_test = model.calculate_likelihood(test_data, dir, mode='test', S=args.S, MB=args.MB)
                          ^^^^^^^^^^^^^^^^^^^^^^^^^^^^^^^^^^^^^^^^^^^^^^^^^^^^^^^^^^^^^^^^^^^^^^^^^^^^^
  File "/root/vae_vampprior/models/convHVAE_2level.py", line 176, in calculate_likelihood
    a_tmp, _, _ = self.calculate_loss(x)
                  ^^^^^^^^^^^^^^^^^^^^^^
  File "/root/vae_vampprior/models/convHVAE_2level.py", line 125, in calculate_loss
    x_mean, x_logvar, z1_q, z1_q_mean, z1_q_logvar, z2_q, z2_q_mean, z2_q_logvar, z1_p_mean, z1_p_logvar = self.forward(x)
                                                                                                           ^^^^^^^^^^^^^^^
  File "/root/vae_vampprior/models/convHVAE_2level.py", line 352, in forward
    z1_q_mean, z1_q_logvar = self.q_z1(x, z2_q)
                             ^^^^^^^^^^^^^^^^^^
  File "/root/vae_vampprior/models/convHVAE_2level.py", line 258, in q_z1
    x = self.q_z1_layers_x(x)
        ^^^^^^^^^^^^^^^^^^^^^
  File "/root/vae_vampprior/.venv/lib/python3.12/site-packages/torch/nn/modules/module.py", line 1775, in _wrapped_call_impl
    return self._call_impl(*args, **kwargs)
           ^^^^^^^^^^^^^^^^^^^^^^^^^^^^^^^^
  File "/root/vae_vampprior/.venv/lib/python3.12/site-packages/torch/nn/modules/module.py", line 1786, in _call_impl
    return forward_call(*args, **kwargs)
           ^^^^^^^^^^^^^^^^^^^^^^^^^^^^^
  File "/root/vae_vampprior/.venv/lib/python3.12/site-packages/torch/nn/modules/container.py", line 250, in forward
    input = module(input)
            ^^^^^^^^^^^^^
  File "/root/vae_vampprior/.venv/lib/python3.12/site-packages/torch/nn/modules/module.py", line 1775, in _wrapped_call_impl
    return self._call_impl(*args, **kwargs)
           ^^^^^^^^^^^^^^^^^^^^^^^^^^^^^^^^
  File "/root/vae_vampprior/.venv/lib/python3.12/site-packages/torch/nn/modules/module.py", line 1786, in _call_impl
    return forward_call(*args, **kwargs)
           ^^^^^^^^^^^^^^^^^^^^^^^^^^^^^
  File "/root/vae_vampprior/utils/nn.py", line 86, in forward
    h = self.h(x)
        ^^^^^^^^^
  File "/root/vae_vampprior/.venv/lib/python3.12/site-packages/torch/nn/modules/module.py", line 1775, in _wrapped_call_impl
    return self._call_impl(*args, **kwargs)
           ^^^^^^^^^^^^^^^^^^^^^^^^^^^^^^^^
  File "/root/vae_vampprior/.venv/lib/python3.12/site-packages/torch/nn/modules/module.py", line 1786, in _call_impl
    return forward_call(*args, **kwargs)
           ^^^^^^^^^^^^^^^^^^^^^^^^^^^^^
  File "/root/vae_vampprior/.venv/lib/python3.12/site-packages/torch/nn/modules/conv.py", line 548, in forward
    return self._conv_forward(input, self.weight, self.bias)
           ^^^^^^^^^^^^^^^^^^^^^^^^^^^^^^^^^^^^^^^^^^^^^^^^^
  File "/root/vae_vampprior/.venv/lib/python3.12/site-packages/torch/nn/modules/conv.py", line 543, in _conv_forward
    return F.conv2d(
           ^^^^^^^^^
KeyboardInterrupt
